Added Component: Designator=U(QFP80P900X900X120-32N)
Add component (AddParameter): Name = "Availability"; Value = "Unavailable"; VariantName = "[No Variations]"
Add component (AddParameter): Name = "MF"; Value = "Microchip"; VariantName = "[No Variations]"
Add component (AddParameter): Name = "MP"; Value = "ATMEGA328P-AU"; VariantName = "[No Variations]"
Add component (AddParameter): Name = "Package"; Value = "TQFP-32 Microchip"; VariantName = "[No Variations]"
Add component (AddParameter): Name = "Price"; Value = "None"; VariantName = "[No Variations]"
Add component (AddParameter): Name = "SnapEDA_Link"; Value = "https://www.snapeda.com/parts/ATMEGA328P-AU/Microchip/view-part/44280/?ref=snap"; VariantName = "[No Variations]"
Add component (AddParameter): Name = "Value"; Value = ""; VariantName = "[No Variations]"
Added Pin To Net: NetName=Netj4_1 Pin=U-1
Added Pin To Net: NetName=Netj5_5 Pin=U-2
Added Pin To Net: NetName=GND Pin=U-3
Added Pin To Net: NetName=+5 Pin=U-4
Added Pin To Net: NetName=GND Pin=U-5
Added Pin To Net: NetName=+5 Pin=U-6
Added Pin To Net: NetName=XTAL1 Pin=U-7
Added Pin To Net: NetName=XTAL2 Pin=U-8
Added Pin To Net: NetName=Netj4_2 Pin=U-9
Added Pin To Net: NetName=Netj6_1 Pin=U-10
Added Pin To Net: NetName=Netj6_2 Pin=U-11
Added Pin To Net: NetName=Netj1_1 Pin=U-12
Added Pin To Net: NetName=Netj1_2 Pin=U-13
Added Pin To Net: NetName=Netj1_3 Pin=U-14
Added Pin To Net: NetName=MOSI Pin=U-15
Added Pin To Net: NetName=MISO Pin=U-16
Added Pin To Net: NetName=PB5 Pin=U-17
Added Pin To Net: NetName=+5 Pin=U-18
Added Pin To Net: NetName=Netj3_4 Pin=U-19
Added Pin To Net: NetName=+5 Pin=U-20
Added Pin To Net: NetName=GND Pin=U-21
Added Pin To Net: NetName=Netj3_5 Pin=U-22
Added Pin To Net: NetName=Netj2_3 Pin=U-23
Added Pin To Net: NetName=Netj2_4 Pin=U-24
Added Pin To Net: NetName=Netj2_5 Pin=U-25
Added Pin To Net: NetName=Netj2_6 Pin=U-26
Added Pin To Net: NetName=Netj3_1 Pin=U-27
Added Pin To Net: NetName=Netj3_2 Pin=U-28
Added Pin To Net: NetName=RESET Pin=U-29
Added Pin To Net: NetName=NetESP_TX Pin=U-30
Added Pin To Net: NetName=NetESP_RX Pin=U-31
Added Pin To Net: NetName=Netj5_3 Pin=U-32
Added Member To Class: ClassName=main Member=Component U ATMEGA328P-AU
Added Room: Name=connection_Sheet
Added Room: Name=ESP8266_Sheet
Added Room: Name=main
Added Room: Name=Motors_Sheet
Added Room: Name=Programmer_Sheet
