Added Component: Designator=D4(LED3_2X1_6)
Added Component: Designator=RD?(J1-0603)
Add component (AddParameter): Name = "LatestRevisionDate"; Value = "29-May-2009"; VariantName = "[No Variations]"
Add component (AddParameter): Name = "LatestRevisionNote"; Value = "IPC-7351 Footprint Added."; VariantName = "[No Variations]"
Add component (AddParameter): Name = "PackageDescription"; Value = "Chip Resistor"; VariantName = "[No Variations]"
Add component (AddParameter): Name = "PackageReference"; Value = "J1-0603"; VariantName = "[No Variations]"
Add component (AddParameter): Name = "Published"; Value = "8-Jun-2000"; VariantName = "[No Variations]"
Add component (AddParameter): Name = "Publisher"; Value = "Altium Limited"; VariantName = "[No Variations]"
Add component (AddParameter): Name = "Value"; Value = "220"; VariantName = "[No Variations]"
Added Pin To Net: NetName=+5 Pin=RD?-2
Added Pin To Net: NetName=NetD4_A Pin=D4-a
Added Pin To Net: NetName=NetD4_A Pin=RD?-1
Added Net: Name=NetD4_A
Added Pin To Net: NetName=PB0 Pin=D4-c
Added Pin To Net: NetName=PB0 Pin=U-12
Added Net: Name=PB0
Added Member To Class: ClassName=main Member=Component D4 3.2x1.6
Added Member To Class: ClassName=Programmer_Sheet Member=Component ISPJ JST_B6B
Added Member To Class: ClassName=main Member=Component RD? Res3
Added Room: Name=ESP8266_Sheet
