Removed Pin From Net: NetName=MOSI Pin=j4-1
Removed Pin From Net: NetName=PB5 Pin=j4-2
Removed Pin From Net: NetName=MOSI Pin=j5-4
Removed Pin From Net: NetName=MISO Pin=j5-5
Removed Pin From Net: NetName=PB5 Pin=j5-6
Removed Pin From Net: NetName=MISO Pin=j8-2
Removed Pin From Net: NetName=MOSI Pin=U-1
Removed Pin From Net: NetName=MISO Pin=U-2
Removed Pin From Net: NetName=PB5 Pin=U-9
Added Pin To Net: NetName=Netj4_1 Pin=j4-1
Added Pin To Net: NetName=Netj4_1 Pin=j5-4
Added Pin To Net: NetName=Netj4_1 Pin=U-1
Added Net: Name=Netj4_1
Added Pin To Net: NetName=Netj4_2 Pin=j4-2
Added Pin To Net: NetName=Netj4_2 Pin=j5-6
Added Pin To Net: NetName=Netj4_2 Pin=U-9
Added Net: Name=Netj4_2
Added Pin To Net: NetName=Netj5_5 Pin=j5-5
Added Pin To Net: NetName=Netj5_5 Pin=j8-2
Added Pin To Net: NetName=Netj5_5 Pin=U-2
Added Net: Name=Netj5_5
