\BOOKMARK [1][-]{section.0.1}{\376\377\006\105\006\110\006\054\006\062\000\040\006\047\006\104\006\050\006\055\006\053}{}% 1
\BOOKMARK [0][-]{chapter.1}{\376\377\006\105\006\102\006\057\006\105\006\051\000\040\006\047\006\104\006\050\006\055\006\053}{}% 2
\BOOKMARK [1][-]{section.1.1}{\376\377\006\056\006\104\006\101\006\112\006\051\000\040\006\110\006\043\006\107\006\057\006\047\006\101\000\040\006\047\006\104\006\050\006\055\006\053}{chapter.1}% 3
\BOOKMARK [1][-]{section.1.2}{\376\377\006\047\006\104\006\057\006\061\006\047\006\063\006\047\006\052\000\040\006\047\006\104\006\105\006\061\006\054\006\071\006\112\006\051}{chapter.1}% 4
\BOOKMARK [2][-]{subsection.1.2.1}{\376\377\006\047\006\104\006\052\006\065\006\106\006\112\006\101\000\040\006\110\006\047\006\104\006\052\006\065\006\105\006\112\006\105}{section.1.2}% 5
\BOOKMARK [2][-]{subsection.1.2.2}{\376\377\006\052\006\056\006\067\006\112\006\067\000\040\006\047\006\104\006\105\006\063\006\047\006\061}{section.1.2}% 6
\BOOKMARK [2][-]{subsection.1.2.3}{\376\377\006\047\006\104\006\047\006\052\006\065\006\047\006\104}{section.1.2}% 7
\BOOKMARK [1][-]{section.1.3}{\376\377\006\043\006\107\006\057\006\047\006\101\000\040\006\047\006\104\006\105\006\064\006\061\006\110\006\071}{chapter.1}% 8
\BOOKMARK [1][-]{section.1.4}{\376\377\006\105\006\056\006\067\006\067\000\040\006\047\006\104\006\071\006\105\006\104}{chapter.1}% 9
\BOOKMARK [1][-]{section.1.5}{\376\377\006\105\006\056\006\067\006\067\000\040\006\047\006\104\006\043\006\067\006\061\006\110\006\055\006\051}{chapter.1}% 10
\BOOKMARK [0][-]{chapter.2}{\376\377\006\047\006\104\006\057\006\061\006\047\006\063\006\051\000\040\006\047\006\104\006\061\006\112\006\047\006\066\006\112\006\051\000\040\006\110\006\047\006\104\006\106\006\105\006\060\006\054\006\051}{}% 11
\BOOKMARK [1][-]{section.2.1}{\376\377\006\052\006\056\006\067\006\112\006\067\000\040\006\047\006\104\006\105\006\063\006\047\006\061\000\040\006\104\006\061\006\110\006\050\006\110\006\052\000\040\006\110\006\047\006\055\006\057\000\040\006\050\006\047\006\063\006\052\006\056\006\057\006\047\006\105\000\040\006\047\006\104\006\067\006\061\006\102\000\040\006\047\006\104\006\052\006\102\006\104\006\112\006\057\006\112\006\051}{chapter.2}% 12
\BOOKMARK [2][-]{subsection.2.1.1}{\376\377\006\047\006\104\006\056\006\110\006\047\006\061\006\062\006\105\006\112\006\047\006\052\000\040\006\047\006\104\006\105\006\071\006\052\006\105\006\057\006\051\000\040\006\071\006\104\006\111\000\040\006\047\006\104\006\050\006\112\006\047\006\106}{section.2.1}% 13
\BOOKMARK [2][-]{subsection.2.1.2}{\376\377\006\056\006\110\006\047\006\061\006\062\006\105\006\112\006\051\000\040\006\047\006\104\006\055\006\102\006\104\000\040\006\047\006\104\006\103\006\105\006\110\006\106\006\112}{section.2.1}% 14
\BOOKMARK [1][-]{section.2.2}{\376\377\006\052\006\071\006\105\006\112\006\105\000\040\006\047\006\104\006\055\006\104\000\040\006\104\006\104\006\043\006\063\006\061\006\047\006\050}{chapter.2}% 15
\BOOKMARK [2][-]{subsection.2.2.1}{\376\377\006\052\006\071\006\061\006\112\006\101\000\040\006\105\006\063\006\043\006\104\006\051\000\040\000C\000B\000S}{section.2.2}% 16
\BOOKMARK [1][-]{section.2.3}{\376\377\006\052\006\056\006\067\006\112\006\067\000\040\006\047\006\104\006\105\006\063\006\047\006\061\000\040\006\071\006\106\000\040\006\067\006\061\006\112\006\102\000\040\006\047\006\104\006\105\006\071\006\047\006\057\006\104\006\047\006\052\000\040\006\047\006\104\006\052\006\101\006\047\006\066\006\104\006\112\006\051\000\040\006\047\006\104\006\054\006\062\006\046\006\112\006\051\000\040\006\104\006\055\006\061\006\103\006\051\000\040\006\047\006\104\006\105\006\110\006\047\006\046\006\071}{chapter.2}% 17
\BOOKMARK [2][-]{subsection.2.3.1}{\376\377\006\047\006\104\006\056\006\110\006\047\006\061\006\062\006\105\006\112\006\051\000\040\006\047\006\104\006\105\006\102\006\052\006\061\006\055\006\051\000\040\006\104\006\061\006\110\006\050\006\110\006\052\000\040\006\110\006\047\006\055\006\057}{section.2.3}% 18
\BOOKMARK [2][-]{subsection.2.3.2}{\376\377\006\047\006\104\006\056\006\110\006\047\006\061\006\062\006\105\006\112\006\051\000\040\006\047\006\104\006\105\006\102\006\052\006\061\006\055\006\051\000\040\006\104\006\104\006\063\006\061\006\050}{section.2.3}% 19
\BOOKMARK [1][-]{section.2.4}{\376\377\006\047\006\104\006\052\006\072\006\060\006\112\006\051\000\040\006\047\006\104\006\061\006\047\006\054\006\071\006\051\000\040\006\104\006\064\006\071\006\047\006\071\000\040\006\055\006\047\006\104\006\051\000\040\006\047\006\104\006\061\006\110\006\050\006\110\006\052\006\047\006\052}{chapter.2}% 20
\BOOKMARK [1][-]{section.2.5}{\376\377\006\047\006\104\006\106\006\105\006\110\006\060\006\054\000\040\006\047\006\104\006\061\006\112\006\047\006\066\006\112\000\040\006\047\006\104\006\071\006\047\006\105\000\040\006\104\006\104\006\061\006\110\006\050\006\110\006\052}{chapter.2}% 21
\BOOKMARK [1][-]{section.2.6}{\376\377\006\057\006\061\006\047\006\063\006\051\000\040\006\047\006\104\006\071\006\054\006\104\006\047\006\052}{chapter.2}% 22
\BOOKMARK [0][-]{chapter.3}{\376\377\006\050\006\106\006\112\006\051\000\040\006\047\006\104\006\106\006\070\006\047\006\105\000\040\006\047\006\104\006\065\006\104\006\050\006\051\000\040\006\110\006\047\006\104\006\050\006\061\006\105\006\054\006\112\006\051}{}% 23
\BOOKMARK [1][-]{section.3.1}{\376\377\006\105\006\102\006\057\006\105\006\051}{chapter.3}% 24
\BOOKMARK [1][-]{section.3.2}{\376\377\006\101\006\066\006\047\006\041\000\040\006\047\006\104\006\071\006\105\006\104}{chapter.3}% 25
\BOOKMARK [1][-]{section.3.3}{\376\377\006\050\006\106\006\112\006\051\000\040\006\047\006\104\006\106\006\070\006\047\006\105\000\040\006\047\006\104\006\065\006\104\006\050\006\051}{chapter.3}% 26
\BOOKMARK [2][-]{subsection.3.3.1}{\376\377\006\106\006\070\006\061\006\051\000\040\006\071\006\047\006\105\006\051}{section.3.3}% 27
\BOOKMARK [2][-]{subsection.3.3.2}{\376\377\006\047\006\104\006\043\006\057\006\110\006\047\006\052}{section.3.3}% 28
\BOOKMARK [2][-]{subsection.3.3.3}{\376\377\006\110\006\055\006\057\006\051\000\040\006\047\006\104\006\052\006\055\006\103\006\105}{section.3.3}% 29
\BOOKMARK [2][-]{subsection.3.3.4}{\376\377\006\047\006\104\006\052\006\072\006\060\006\112\006\051}{section.3.3}% 30
\BOOKMARK [2][-]{subsection.3.3.5}{\376\377\006\106\006\070\006\047\006\105\000\040\006\047\006\104\006\047\006\052\006\065\006\047\006\104}{section.3.3}% 31
\BOOKMARK [2][-]{subsection.3.3.6}{\376\377\006\047\006\104\006\057\006\047\006\061\006\051\000\040\006\047\006\104\006\047\006\104\006\103\006\052\006\061\006\110\006\106\006\112\006\051\000\040\006\047\006\104\006\105\006\067\006\050\006\110\006\071\006\051\000\040\000P\000C\000B}{section.3.3}% 32
\BOOKMARK [2][-]{subsection.3.3.7}{\376\377\006\071\006\105\006\104\006\112\006\051\000\040\006\052\006\065\006\106\006\112\006\071\000\040\006\047\006\104\006\057\006\047\006\061\006\047\006\052}{section.3.3}% 33
\BOOKMARK [2][-]{subsection.3.3.8}{\376\377\006\047\006\056\006\052\006\050\006\047\006\061\000\040\006\047\006\104\006\105\006\106\006\052\006\054}{section.3.3}% 34
\BOOKMARK [2][-]{subsection.3.3.9}{\376\377\006\047\006\104\006\054\006\063\006\105\000\040\006\047\006\104\006\056\006\047\006\061\006\054\006\112\000\040\006\110\006\047\006\104\006\052\006\055\006\061\006\112\006\103}{section.3.3}% 35
\BOOKMARK [2][-]{subsection.3.3.10}{\376\377\006\106\006\070\006\047\006\105\000\040\006\047\006\104\006\047\006\052\006\065\006\047\006\104}{section.3.3}% 36
\BOOKMARK [2][-]{subsection.3.3.11}{\376\377\006\050\006\061\006\110\006\052\006\110\006\103\006\110\006\104\000\040\000\040\000M\000Q\000T\000T\000\040}{section.3.3}% 37
\BOOKMARK [1][-]{section.3.4}{\376\377\006\050\006\106\006\112\006\051\000\040\006\047\006\104\006\106\006\070\006\047\006\105\000\040\006\047\006\104\006\050\006\061\006\105\006\054\006\112\006\051}{chapter.3}% 38
\BOOKMARK [2][-]{subsection.3.4.1}{\376\377\006\106\006\070\006\061\006\051\000\040\006\071\006\047\006\105\006\051}{section.3.4}% 39
\BOOKMARK [2][-]{subsection.3.4.2}{\376\377\006\047\006\104\006\050\006\106\006\112\006\051\000\040\006\047\006\104\006\050\006\061\006\105\006\054\006\112\006\051\000\040\006\104\006\104\006\061\006\110\006\050\006\110\006\052\000\040\006\105\006\106\006\056\006\101\006\066\006\051\000\040\006\047\006\104\006\105\006\063\006\052\006\110\006\111}{section.3.4}% 40
\BOOKMARK [0][-]{chapter.4}{\376\377\006\047\006\104\006\106\006\052\006\047\006\046\006\054}{}% 41
\BOOKMARK [0][-]{chapter.5}{\376\377\006\047\006\104\006\105\006\104\006\055\006\102\006\047\006\052}{}% 42
\BOOKMARK [1][-]{section.5.1}{\376\377\000A\000V\000R\000\040\000C\000\040\000C\000o\000d\000e\000\040\000R\000e\000f\000e\000r\000e\000c\000e\000\040\000M\000a\000n\000u\000a\000l}{chapter.5}% 43
