This is XeTeX, Version 3.141592653-2.6-0.999994 (MiKTeX 22.3) (preloaded format=xelatex 2022.4.12)  12 APR 2022 00:31
entering extended mode
 restricted \write18 enabled.
 %&-line parsing enabled.
**./main.tex
(main.tex
LaTeX2e <2021-11-15> patch level 1
L3 programming layer <2022-02-24>
(C:\Users\adnan\AppData\Local\Programs\MiKTeX\tex/latex/base\book.cls
Document Class: book 2021/10/04 v1.4n Standard LaTeX document class
(C:\Users\adnan\AppData\Local\Programs\MiKTeX\tex/latex/base\bk10.clo
File: bk10.clo 2021/10/04 v1.4n Standard LaTeX file (size option)
)
\c@part=\count181
\c@chapter=\count182
\c@section=\count183
\c@subsection=\count184
\c@subsubsection=\count185
\c@paragraph=\count186
\c@subparagraph=\count187
\c@figure=\count188
\c@table=\count189
\abovecaptionskip=\skip47
\belowcaptionskip=\skip48
\bibindent=\dimen138
)
(C:\Users\adnan\AppData\Local\Programs\MiKTeX\tex/latex/base\inputenc.sty
Package: inputenc 2021/02/14 v1.3d Input encoding file
\inpenc@prehook=\toks16
\inpenc@posthook=\toks17


Package inputenc Warning: inputenc package ignored with utf8 based engines.

) (C:\Users\adnan\AppData\Local\Programs\MiKTeX\tex/latex/amsmath\amsmath.sty
Package: amsmath 2021/10/15 v2.17l AMS math features
\@mathmargin=\skip49

For additional information on amsmath, use the `?' option.
(C:\Users\adnan\AppData\Local\Programs\MiKTeX\tex/latex/amsmath\amstext.sty
Package: amstext 2021/08/26 v2.01 AMS text

(C:\Users\adnan\AppData\Local\Programs\MiKTeX\tex/latex/amsmath\amsgen.sty
File: amsgen.sty 1999/11/30 v2.0 generic functions
\@emptytoks=\toks18
\ex@=\dimen139
))
(C:\Users\adnan\AppData\Local\Programs\MiKTeX\tex/latex/amsmath\amsbsy.sty
Package: amsbsy 1999/11/29 v1.2d Bold Symbols
\pmbraise@=\dimen140
)
(C:\Users\adnan\AppData\Local\Programs\MiKTeX\tex/latex/amsmath\amsopn.sty
Package: amsopn 2021/08/26 v2.02 operator names
)
\inf@bad=\count190
LaTeX Info: Redefining \frac on input line 234.
\uproot@=\count191
\leftroot@=\count192
LaTeX Info: Redefining \overline on input line 399.
\classnum@=\count193
\DOTSCASE@=\count194
LaTeX Info: Redefining \ldots on input line 496.
LaTeX Info: Redefining \dots on input line 499.
LaTeX Info: Redefining \cdots on input line 620.
\Mathstrutbox@=\box50
\strutbox@=\box51
\big@size=\dimen141
LaTeX Font Info:    Redeclaring font encoding OML on input line 743.
LaTeX Font Info:    Redeclaring font encoding OMS on input line 744.
\macc@depth=\count195
\c@MaxMatrixCols=\count196
\dotsspace@=\muskip16
\c@parentequation=\count197
\dspbrk@lvl=\count198
\tag@help=\toks19
\row@=\count199
\column@=\count266
\maxfields@=\count267
\andhelp@=\toks20
\eqnshift@=\dimen142
\alignsep@=\dimen143
\tagshift@=\dimen144
\tagwidth@=\dimen145
\totwidth@=\dimen146
\lineht@=\dimen147
\@envbody=\toks21
\multlinegap=\skip50
\multlinetaggap=\skip51
\mathdisplay@stack=\toks22
LaTeX Info: Redefining \[ on input line 2938.
LaTeX Info: Redefining \] on input line 2939.
)
(C:\Users\adnan\AppData\Local\Programs\MiKTeX\tex/latex/amsfonts\amsfonts.sty
Package: amsfonts 2013/01/14 v3.01 Basic AMSFonts support
\symAMSa=\mathgroup4
\symAMSb=\mathgroup5
LaTeX Font Info:    Redeclaring math symbol \hbar on input line 98.
LaTeX Font Info:    Overwriting math alphabet `\mathfrak' in version `bold'
(Font)                  U/euf/m/n --> U/euf/b/n on input line 106.
)
(C:\Users\adnan\AppData\Local\Programs\MiKTeX\tex/latex/amsfonts\amssymb.sty
Package: amssymb 2013/01/14 v3.01 AMS font symbols
)
(C:\Users\adnan\AppData\Local\Programs\MiKTeX\tex/latex/graphics\graphicx.sty
Package: graphicx 2021/09/16 v1.2d Enhanced LaTeX Graphics (DPC,SPQR)

(C:\Users\adnan\AppData\Local\Programs\MiKTeX\tex/latex/graphics\keyval.sty
Package: keyval 2014/10/28 v1.15 key=value parser (DPC)
\KV@toks@=\toks23
)
(C:\Users\adnan\AppData\Local\Programs\MiKTeX\tex/latex/graphics\graphics.sty
Package: graphics 2021/03/04 v1.4d Standard LaTeX Graphics (DPC,SPQR)

(C:\Users\adnan\AppData\Local\Programs\MiKTeX\tex/latex/graphics\trig.sty
Package: trig 2021/08/11 v1.11 sin cos tan (DPC)
)
(C:\Users\adnan\AppData\Local\Programs\MiKTeX\tex/latex/graphics-cfg\graphics.c
fg
File: graphics.cfg 2016/06/04 v1.11 sample graphics configuration
)
Package graphics Info: Driver file: xetex.def on input line 107.

(C:\Users\adnan\AppData\Local\Programs\MiKTeX\tex/latex/graphics-def\xetex.def
File: xetex.def 2021/03/18 v5.0k Graphics/color driver for xetex
))
\Gin@req@height=\dimen148
\Gin@req@width=\dimen149
)
(C:\Users\adnan\AppData\Local\Programs\MiKTeX\tex/latex/multirow\multirow.sty
Package: multirow 2021/03/15 v2.8 Span multiple rows of a table
\multirow@colwidth=\skip52
\multirow@cntb=\count268
\multirow@dima=\skip53
\bigstrutjot=\dimen150
)
(C:\Users\adnan\AppData\Local\Programs\MiKTeX\tex/latex/svg\svg.sty
Package: svg 2020/11/26 v2.02k (include SVG pictures)

(C:\Users\adnan\AppData\Local\Programs\MiKTeX\tex/generic/iftex\iftex.sty
Package: iftex 2022/02/03 v1.0f TeX engine tests
)
(C:\Users\adnan\AppData\Local\Programs\MiKTeX\tex/latex/koma-script\scrbase.sty
Package: scrbase 2021/11/13 v3.35 KOMA-Script package (KOMA-Script-independent 
basics and keyval usage)

(C:\Users\adnan\AppData\Local\Programs\MiKTeX\tex/latex/koma-script\scrlfile.st
y
Package: scrlfile 2021/11/13 v3.35 KOMA-Script package (file load hooks)

(C:\Users\adnan\AppData\Local\Programs\MiKTeX\tex/latex/koma-script\scrlfile-ho
ok.sty
Package: scrlfile-hook 2021/11/13 v3.35 KOMA-Script package (using LaTeX hooks)


(C:\Users\adnan\AppData\Local\Programs\MiKTeX\tex/latex/koma-script\scrlogo.sty
Package: scrlogo 2021/11/13 v3.35 KOMA-Script package (logo)
)))
Applying: [2021/05/01] Usage of raw or classic option list on input line 252.
Already applied: [0000/00/00] Usage of raw or classic option list on input line
 368.
)
(C:\Users\adnan\AppData\Local\Programs\MiKTeX\tex/generic/pdftexcmds\pdftexcmds
.sty
Package: pdftexcmds 2020-06-27 v0.33 Utility functions of pdfTeX for LuaTeX (HO
)

(C:\Users\adnan\AppData\Local\Programs\MiKTeX\tex/generic/infwarerr\infwarerr.s
ty
Package: infwarerr 2019/12/03 v1.5 Providing info/warning/error messages (HO)
)
(C:\Users\adnan\AppData\Local\Programs\MiKTeX\tex/generic/ltxcmds\ltxcmds.sty
Package: ltxcmds 2020-05-10 v1.25 LaTeX kernel commands for general use (HO)
)
Package pdftexcmds Info: \pdf@primitive is available.
Package pdftexcmds Info: \pdf@ifprimitive is available.
Package pdftexcmds Info: \pdfdraftmode not found.
)
(C:\Users\adnan\AppData\Local\Programs\MiKTeX\tex/latex/trimspaces\trimspaces.s
ty
Package: trimspaces 2009/09/17 v1.1 Trim spaces around a token list
) (C:\Users\adnan\AppData\Local\Programs\MiKTeX\tex/latex/tools\shellesc.sty
Package: shellesc 2019/11/08 v1.0c unified shell escape interface for LaTeX
Package shellesc Info: Restricted shell escape enabled on input line 77.
)
\c@svg@param@lastpage=\count269
\svg@box=\box52
\c@svg@param@currpage=\count270
) (C:\Users\adnan\AppData\Local\Programs\MiKTeX\tex/latex/xcolor\xcolor.sty
Package: xcolor 2021/10/31 v2.13 LaTeX color extensions (UK)

(C:\Users\adnan\AppData\Local\Programs\MiKTeX\tex/latex/graphics-cfg\color.cfg
File: color.cfg 2016/01/02 v1.6 sample color configuration
)
Package xcolor Info: Driver file: xetex.def on input line 227.
Package xcolor Info: Model `cmy' substituted by `cmy0' on input line 1352.
Package xcolor Info: Model `RGB' extended on input line 1368.
Package xcolor Info: Model `HTML' substituted by `rgb' on input line 1370.
Package xcolor Info: Model `Hsb' substituted by `hsb' on input line 1371.
Package xcolor Info: Model `tHsb' substituted by `hsb' on input line 1372.
Package xcolor Info: Model `HSB' substituted by `hsb' on input line 1373.
Package xcolor Info: Model `Gray' substituted by `gray' on input line 1374.
Package xcolor Info: Model `wave' substituted by `hsb' on input line 1375.
)
(C:\Users\adnan\AppData\Local\Programs\MiKTeX\tex/latex/transparent\transparent
.sty
Package: transparent 2019/11/29 v1.4 Transparency via pdfTeX's color stack (HO)



Package transparent Warning: Loading aborted, because pdfTeX is not running in 
PDF mode.

)
(C:\Users\adnan\AppData\Local\Programs\MiKTeX\tex/latex/pgf/systemlayer\pgfsys.
sty
(C:\Users\adnan\AppData\Local\Programs\MiKTeX\tex/latex/pgf/utilities\pgfrcs.st
y
(C:\Users\adnan\AppData\Local\Programs\MiKTeX\tex/generic/pgf/utilities\pgfutil
-common.tex
\pgfutil@everybye=\toks24
\pgfutil@tempdima=\dimen151
\pgfutil@tempdimb=\dimen152

(C:\Users\adnan\AppData\Local\Programs\MiKTeX\tex/generic/pgf/utilities\pgfutil
-common-lists.tex))
(C:\Users\adnan\AppData\Local\Programs\MiKTeX\tex/generic/pgf/utilities\pgfutil
-latex.def
\pgfutil@abb=\box53
)
(C:\Users\adnan\AppData\Local\Programs\MiKTeX\tex/generic/pgf/utilities\pgfrcs.
code.tex
(C:\Users\adnan\AppData\Local\Programs\MiKTeX\tex/generic/pgf\pgf.revision.tex)
Package: pgfrcs 2021/05/15 v3.1.9a (3.1.9a)
))
(C:\Users\adnan\AppData\Local\Programs\MiKTeX\tex/generic/pgf/systemlayer\pgfsy
s.code.tex
Package: pgfsys 2021/05/15 v3.1.9a (3.1.9a)

(C:\Users\adnan\AppData\Local\Programs\MiKTeX\tex/generic/pgf/utilities\pgfkeys
.code.tex
\pgfkeys@pathtoks=\toks25
\pgfkeys@temptoks=\toks26

(C:\Users\adnan\AppData\Local\Programs\MiKTeX\tex/generic/pgf/utilities\pgfkeys
filtered.code.tex
\pgfkeys@tmptoks=\toks27
))
\pgf@x=\dimen153
\pgf@y=\dimen154
\pgf@xa=\dimen155
\pgf@ya=\dimen156
\pgf@xb=\dimen157
\pgf@yb=\dimen158
\pgf@xc=\dimen159
\pgf@yc=\dimen160
\pgf@xd=\dimen161
\pgf@yd=\dimen162
\w@pgf@writea=\write3
\r@pgf@reada=\read2
\c@pgf@counta=\count271
\c@pgf@countb=\count272
\c@pgf@countc=\count273
\c@pgf@countd=\count274
\t@pgf@toka=\toks28
\t@pgf@tokb=\toks29
\t@pgf@tokc=\toks30
\pgf@sys@id@count=\count275

(C:\Users\adnan\AppData\Local\Programs\MiKTeX\tex/generic/pgf/systemlayer\pgf.c
fg
File: pgf.cfg 2021/05/15 v3.1.9a (3.1.9a)
)
Driver file for pgf: pgfsys-xetex.def

(C:\Users\adnan\AppData\Local\Programs\MiKTeX\tex/generic/pgf/systemlayer\pgfsy
s-xetex.def
File: pgfsys-xetex.def 2021/05/15 v3.1.9a (3.1.9a)

(C:\Users\adnan\AppData\Local\Programs\MiKTeX\tex/generic/pgf/systemlayer\pgfsy
s-dvipdfmx.def
File: pgfsys-dvipdfmx.def 2021/05/15 v3.1.9a (3.1.9a)

(C:\Users\adnan\AppData\Local\Programs\MiKTeX\tex/generic/pgf/systemlayer\pgfsy
s-common-pdf.def
File: pgfsys-common-pdf.def 2021/05/15 v3.1.9a (3.1.9a)
)
\pgfsys@objnum=\count276
)))
(C:\Users\adnan\AppData\Local\Programs\MiKTeX\tex/generic/pgf/systemlayer\pgfsy
ssoftpath.code.tex
File: pgfsyssoftpath.code.tex 2021/05/15 v3.1.9a (3.1.9a)
\pgfsyssoftpath@smallbuffer@items=\count277
\pgfsyssoftpath@bigbuffer@items=\count278
)
(C:\Users\adnan\AppData\Local\Programs\MiKTeX\tex/generic/pgf/systemlayer\pgfsy
sprotocol.code.tex
File: pgfsysprotocol.code.tex 2021/05/15 v3.1.9a (3.1.9a)
))
(C:\Users\adnan\AppData\Local\Programs\MiKTeX\tex/latex/url\url.sty
\Urlmuskip=\muskip17
Package: url 2013/09/16  ver 3.4  Verb mode for urls, etc.
)
(C:\Users\adnan\AppData\Local\Programs\MiKTeX\tex/latex/booktabs\booktabs.sty
Package: booktabs 2020/01/12 v1.61803398 Publication quality tables
\heavyrulewidth=\dimen163
\lightrulewidth=\dimen164
\cmidrulewidth=\dimen165
\belowrulesep=\dimen166
\belowbottomsep=\dimen167
\aboverulesep=\dimen168
\abovetopsep=\dimen169
\cmidrulesep=\dimen170
\cmidrulekern=\dimen171
\defaultaddspace=\dimen172
\@cmidla=\count279
\@cmidlb=\count280
\@aboverulesep=\dimen173
\@belowrulesep=\dimen174
\@thisruleclass=\count281
\@lastruleclass=\count282
\@thisrulewidth=\dimen175
)
(C:\Users\adnan\AppData\Local\Programs\MiKTeX\tex/latex/caption\subcaption.sty
Package: subcaption 2022/01/07 v1.5 Sub-captions (AR)

(C:\Users\adnan\AppData\Local\Programs\MiKTeX\tex/latex/caption\caption.sty
Package: caption 2022/03/01 v3.6b Customizing captions (AR)

(C:\Users\adnan\AppData\Local\Programs\MiKTeX\tex/latex/caption\caption3.sty
Package: caption3 2022/03/17 v2.3b caption3 kernel (AR)
\caption@tempdima=\dimen176
\captionmargin=\dimen177
\caption@leftmargin=\dimen178
\caption@rightmargin=\dimen179
\caption@width=\dimen180
\caption@indent=\dimen181
\caption@parindent=\dimen182
\caption@hangindent=\dimen183
Package caption Info: Standard document class detected.
)
\c@caption@flags=\count283
\c@continuedfloat=\count284
)
\c@subfigure=\count285
\c@subtable=\count286
) (C:\Users\adnan\AppData\Local\Programs\MiKTeX\tex/latex/geometry\geometry.sty
Package: geometry 2020/01/02 v5.9 Page Geometry

(C:\Users\adnan\AppData\Local\Programs\MiKTeX\tex/generic/iftex\ifvtex.sty
Package: ifvtex 2019/10/25 v1.7 ifvtex legacy package. Use iftex instead.
)
\Gm@cnth=\count287
\Gm@cntv=\count288
\c@Gm@tempcnt=\count289
\Gm@bindingoffset=\dimen184
\Gm@wd@mp=\dimen185
\Gm@odd@mp=\dimen186
\Gm@even@mp=\dimen187
\Gm@layoutwidth=\dimen188
\Gm@layoutheight=\dimen189
\Gm@layouthoffset=\dimen190
\Gm@layoutvoffset=\dimen191
\Gm@dimlist=\toks31

(C:\Users\adnan\AppData\Local\Programs\MiKTeX\tex/latex/geometry\geometry.cfg))
(C:\Users\adnan\AppData\Local\Programs\MiKTeX\tex/latex/setspace\setspace.sty
Package: setspace 2011/12/19 v6.7a set line spacing
)
(C:\Users\adnan\AppData\Local\Programs\MiKTeX\tex/latex/pdfpages\pdfpages.sty
Package: pdfpages 2022/01/29 v0.5u Insert pages of external PDF documents (AM)

(C:\Users\adnan\AppData\Local\Programs\MiKTeX\tex/latex/base\ifthen.sty
Package: ifthen 2020/11/24 v1.1c Standard LaTeX ifthen package (DPC)
)
(C:\Users\adnan\AppData\Local\Programs\MiKTeX\tex/latex/tools\calc.sty
Package: calc 2017/05/25 v4.3 Infix arithmetic (KKT,FJ)
\calc@Acount=\count290
\calc@Bcount=\count291
\calc@Adimen=\dimen192
\calc@Bdimen=\dimen193
\calc@Askip=\skip54
\calc@Bskip=\skip55
LaTeX Info: Redefining \setlength on input line 80.
LaTeX Info: Redefining \addtolength on input line 81.
\calc@Ccount=\count292
\calc@Cskip=\skip56
)
(C:\Users\adnan\AppData\Local\Programs\MiKTeX\tex/latex/eso-pic\eso-pic.sty
Package: eso-pic 2020/10/14 v3.0a eso-pic (RN)
\ESO@tempdima=\dimen194
\ESO@tempdimb=\dimen195
)
\AM@pagewidth=\dimen196
\AM@pageheight=\dimen197
\AM@fboxrule=\dimen198

(C:\Users\adnan\AppData\Local\Programs\MiKTeX\tex/latex/pdfpages\ppxetex.def
File: ppxetex.def 2022/01/29 v0.5u Pdfpages driver for XeTeX (AM)
)
\pdfpages@includegraphics@status=\count293
\AM@pagebox=\box54
\AM@global@opts=\toks32
\AM@pagecnt=\count294
\AM@toc@title=\toks33
\c@AM@survey=\count295
\AM@templatesizebox=\box55
)
(C:\Users\adnan\AppData\Local\Programs\MiKTeX\tex/latex/titlesec\titlesec.sty
Package: titlesec 2021/07/05 v2.14 Sectioning titles
\ttl@box=\box56
\beforetitleunit=\skip57
\aftertitleunit=\skip58
\ttl@plus=\dimen199
\ttl@minus=\dimen256
\ttl@toksa=\toks34
\titlewidth=\dimen257
\titlewidthlast=\dimen258
\titlewidthfirst=\dimen259
)
(C:\Users\adnan\AppData\Local\Programs\MiKTeX\tex/latex/floatrow\floatrow.sty
Package: floatrow 2008/08/02 v0.3b floatrow: float package extension
\c@float@type=\count296
\float@exts=\toks35
\float@box=\box57
\@floatcapt=\box58
Package floatrow Info: Modified float package code loaded on input line 455.
Package floatrow Info: Modified rotfloat package code loaded on input line 473.

\FR@everyfloat=\toks36
\flrow@foot=\insert252
\FB@wd=\dimen260
\FBo@wd=\dimen261
\FBc@wd=\dimen262
\FBo@ht=\skip59
\FBc@ht=\skip60
\FBf@ht=\skip61
\FBo@max=\skip62
\FBc@max=\skip63
\FBf@max=\skip64
\c@FBl@b=\count297
\floatbox@depth=\count298
\c@FRobj=\count299
\c@FRsobj=\count300
\Xhsize=\skip65
\sXhsize=\skip66
\Zhsize=\skip67
\sZhsize=\skip68
\flrow@rowbox=\box59
\FR@Zunitlength=\dimen263
\c@FBcnt=\count301
\FPOScnt=\count302
\LTleft=\skip69
\LTright=\skip70
\LTleft=\skip71
\LTright=\skip72
\flrow@types=\toks37
)
(C:\Users\adnan\AppData\Local\Programs\MiKTeX\tex/latex/hyperref\hyperref.sty
Package: hyperref 2022-02-21 v7.00n Hypertext links for LaTeX

(C:\Users\adnan\AppData\Local\Programs\MiKTeX\tex/generic/kvsetkeys\kvsetkeys.s
ty
Package: kvsetkeys 2019/12/15 v1.18 Key value parser (HO)
)
(C:\Users\adnan\AppData\Local\Programs\MiKTeX\tex/generic/kvdefinekeys\kvdefine
keys.sty
Package: kvdefinekeys 2019-12-19 v1.6 Define keys (HO)
)
(C:\Users\adnan\AppData\Local\Programs\MiKTeX\tex/generic/pdfescape\pdfescape.s
ty
Package: pdfescape 2019/12/09 v1.15 Implements pdfTeX's escape features (HO)
) (C:\Users\adnan\AppData\Local\Programs\MiKTeX\tex/latex/hycolor\hycolor.sty
Package: hycolor 2020-01-27 v1.10 Color options for hyperref/bookmark (HO)
)
(C:\Users\adnan\AppData\Local\Programs\MiKTeX\tex/latex/letltxmacro\letltxmacro
.sty
Package: letltxmacro 2019/12/03 v1.6 Let assignment for LaTeX macros (HO)
)
(C:\Users\adnan\AppData\Local\Programs\MiKTeX\tex/latex/auxhook\auxhook.sty
Package: auxhook 2019-12-17 v1.6 Hooks for auxiliary files (HO)
)
(C:\Users\adnan\AppData\Local\Programs\MiKTeX\tex/latex/kvoptions\kvoptions.sty
Package: kvoptions 2020-10-07 v3.14 Key value format for package options (HO)
)
\@linkdim=\dimen264
\Hy@linkcounter=\count303
\Hy@pagecounter=\count304
 (C:\Users\adnan\AppData\Local\Programs\MiKTeX\tex/latex/hyperref\pd1enc.def
File: pd1enc.def 2022-02-21 v7.00n Hyperref: PDFDocEncoding definition (HO)
)
(C:\Users\adnan\AppData\Local\Programs\MiKTeX\tex/generic/intcalc\intcalc.sty
Package: intcalc 2019/12/15 v1.3 Expandable calculations with integers (HO)
)
(C:\Users\adnan\AppData\Local\Programs\MiKTeX\tex/generic/etexcmds\etexcmds.sty
Package: etexcmds 2019/12/15 v1.7 Avoid name clashes with e-TeX commands (HO)
)
\Hy@SavedSpaceFactor=\count305
 (C:\Users\adnan\AppData\Local\Programs\MiKTeX\tex/latex/hyperref\puenc.def
File: puenc.def 2022-02-21 v7.00n Hyperref: PDF Unicode definition (HO)
)
Package hyperref Info: Hyper figures OFF on input line 4137.
Package hyperref Info: Link nesting OFF on input line 4142.
Package hyperref Info: Hyper index ON on input line 4145.
Package hyperref Info: Plain pages OFF on input line 4152.
Package hyperref Info: Backreferencing OFF on input line 4157.
Package hyperref Info: Implicit mode ON; LaTeX internals redefined.
Package hyperref Info: Bookmarks ON on input line 4390.
\c@Hy@tempcnt=\count306
LaTeX Info: Redefining \url on input line 4749.
\XeTeXLinkMargin=\dimen265

(C:\Users\adnan\AppData\Local\Programs\MiKTeX\tex/generic/bitset\bitset.sty
Package: bitset 2019/12/09 v1.3 Handle bit-vector datatype (HO)

(C:\Users\adnan\AppData\Local\Programs\MiKTeX\tex/generic/bigintcalc\bigintcalc
.sty
Package: bigintcalc 2019/12/15 v1.5 Expandable calculations on big integers (HO
)
))
\Fld@menulength=\count307
\Field@Width=\dimen266
\Fld@charsize=\dimen267
Package hyperref Info: Hyper figures OFF on input line 6027.
Package hyperref Info: Link nesting OFF on input line 6032.
Package hyperref Info: Hyper index ON on input line 6035.
Package hyperref Info: backreferencing OFF on input line 6042.
Package hyperref Info: Link coloring OFF on input line 6047.
Package hyperref Info: Link coloring with OCG OFF on input line 6052.
Package hyperref Info: PDF/A mode OFF on input line 6057.
LaTeX Info: Redefining \ref on input line 6097.
LaTeX Info: Redefining \pageref on input line 6101.

(C:\Users\adnan\AppData\Local\Programs\MiKTeX\tex/latex/base\atbegshi-ltx.sty
Package: atbegshi-ltx 2021/01/10 v1.0c Emulation of the original atbegshi
package with kernel methods
)
\Hy@abspage=\count308
\c@Item=\count309
\c@Hfootnote=\count310
)
Package hyperref Info: Driver (autodetected): hxetex.
(C:\Users\adnan\AppData\Local\Programs\MiKTeX\tex/latex/hyperref\hxetex.def
File: hxetex.def 2022-02-21 v7.00n Hyperref driver for XeTeX

(C:\Users\adnan\AppData\Local\Programs\MiKTeX\tex/generic/stringenc\stringenc.s
ty
Package: stringenc 2019/11/29 v1.12 Convert strings between diff. encodings (HO
)
)
\pdfm@box=\box60
\c@Hy@AnnotLevel=\count311
\HyField@AnnotCount=\count312
\Fld@listcount=\count313
\c@bookmark@seq@number=\count314

(C:\Users\adnan\AppData\Local\Programs\MiKTeX\tex/latex/rerunfilecheck\rerunfil
echeck.sty
Package: rerunfilecheck 2019/12/05 v1.9 Rerun checks for auxiliary files (HO)

(C:\Users\adnan\AppData\Local\Programs\MiKTeX\tex/latex/base\atveryend-ltx.sty
Package: atveryend-ltx 2020/08/19 v1.0a Emulation of the original atveryend pac
kage
with kernel methods
)
(C:\Users\adnan\AppData\Local\Programs\MiKTeX\tex/generic/uniquecounter\uniquec
ounter.sty
Package: uniquecounter 2019/12/15 v1.4 Provide unlimited unique counter (HO)
)
Package uniquecounter Info: New unique counter `rerunfilecheck' on input line 2
86.
)
\Hy@SectionHShift=\skip73
)
(C:\Users\adnan\AppData\Local\Programs\MiKTeX\tex/latex/fontspec\fontspec.sty
(C:\Users\adnan\AppData\Local\Programs\MiKTeX\tex/latex/l3packages/xparse\xpars
e.sty
(C:\Users\adnan\AppData\Local\Programs\MiKTeX\tex/latex/l3kernel\expl3.sty
Package: expl3 2022-02-24 L3 programming layer (loader) 

(C:\Users\adnan\AppData\Local\Programs\MiKTeX\tex/latex/l3backend\l3backend-xet
ex.def
File: l3backend-xetex.def 2022-02-07 L3 backend support: XeTeX
 ()
\c__kernel_sys_dvipdfmx_version_int=\count315
\l__color_backend_stack_int=\count316
\g__color_backend_stack_int=\count317
\g__graphics_track_int=\count318
\l__pdf_internal_box=\box61
\g__pdf_backend_object_int=\count319
\g__pdf_backend_annotation_int=\count320
\g__pdf_backend_link_int=\count321
))
Package: xparse 2022-01-12 L3 Experimental document command parser
)
Package: fontspec 2022/01/15 v2.8a Font selection for XeLaTeX and LuaLaTeX

(C:\Users\adnan\AppData\Local\Programs\MiKTeX\tex/latex/fontspec\fontspec-xetex
.sty
Package: fontspec-xetex 2022/01/15 v2.8a Font selection for XeLaTeX and LuaLaTe
X
\l__fontspec_script_int=\count322
\l__fontspec_language_int=\count323
\l__fontspec_strnum_int=\count324
\l__fontspec_tmp_int=\count325
\l__fontspec_tmpa_int=\count326
\l__fontspec_tmpb_int=\count327
\l__fontspec_tmpc_int=\count328
\l__fontspec_em_int=\count329
\l__fontspec_emdef_int=\count330
\l__fontspec_strong_int=\count331
\l__fontspec_strongdef_int=\count332
\l__fontspec_tmpa_dim=\dimen268
\l__fontspec_tmpb_dim=\dimen269
\l__fontspec_tmpc_dim=\dimen270
 (C:\Users\adnan\AppData\Local\Programs\MiKTeX\tex/latex/base\fontenc.sty
Package: fontenc 2021/04/29 v2.0v Standard LaTeX package
)
(C:\Users\adnan\AppData\Local\Programs\MiKTeX\tex/latex/fontspec\fontspec.cfg))
)
(C:\Users\adnan\AppData\Local\Programs\MiKTeX\tex/latex/polyglossia\polyglossia
.sty
Package: polyglossia 2022/03/27 v1.54 Modern multilingual typesetting with XeLa
TeX and LuaLaTeX

(C:\Users\adnan\AppData\Local\Programs\MiKTeX\tex/latex/etoolbox\etoolbox.sty
Package: etoolbox 2020/10/05 v2.5k e-TeX tools for LaTeX (JAW)
\etb@tempcnta=\count333
)
(C:\Users\adnan\AppData\Local\Programs\MiKTeX\tex/latex/makecmds\makecmds.sty
Package: makecmds 2009/09/03 v1.0a extra command making commands
)
(C:\Users\adnan\AppData\Local\Programs\MiKTeX\tex/latex/xkeyval\xkeyval.sty
Package: xkeyval 2020/11/20 v2.8 package option processing (HA)

(C:\Users\adnan\AppData\Local\Programs\MiKTeX\tex/generic/xkeyval\xkeyval.tex
(C:\Users\adnan\AppData\Local\Programs\MiKTeX\tex/generic/xkeyval\xkvutils.tex
\XKV@toks=\toks38
\XKV@tempa@toks=\toks39
)
\XKV@depth=\count334
File: xkeyval.tex 2014/12/03 v2.7a key=value parser (HA)
))
(C:\Users\adnan\AppData\Local\Programs\MiKTeX\tex/latex/l3packages/l3keys2e\l3k
eys2e.sty
Package: l3keys2e 2022-01-12 LaTeX2e option processing using LaTeX3 keys
)
\xpg@normalclass=\XeTeXcharclass1


Package polyglossia Warning: File gloss-latex.ldf does not exist!
(polyglossia)                I will nevertheless try to use hyphenation pattern
s for latex. on input line 2549.

The property list \polyglossia@langsetup contains the pairs (without outer
braces):
>  {latex/script}  =>  {latin}
>  {latex/lcscript}  =>  {latin}
>  {latex/scripttag}  =>  {}
>  {latex/language}  =>  {Latex}
>  {latex/langtag}  =>  {}
>  {latex/bcp47}  =>  {}
>  {latex/hyphennames}  =>  {latex}
>  {latex/direction}  =>  {LR}
>  {latex/hyphenmins}  =>  {2,3}
>  {latex/frenchspacing}  =>  {false}
>  {latex/indentfirst}  =>  {false}
>  {latex/fontsetup}  =>  {true}
>  {latex/envname}  =>  {latex}
>  {latex/babelname}  =>  {latex}
>  {latex/localnumeral}  =>  {polyglossia@C@localnumeral}
>  {latex/Localnumeral}  =>  {polyglossia@C@localnumeral}
>  {latex/DefineCommandsCmd}  =>  {xpg_define_language_commands:e}.

Package polyglossia Warning: No hyphenation patterns were loaded for `latex'
(polyglossia)                I will use \language=\l@nohyphenation instead on i
nput line 2549.

\l@latex = a dialect from \language\l@nohyphenation 
Package polyglossia Info: Default language is latex.
)
(C:\Users\adnan\AppData\Local\Programs\MiKTeX\tex/latex/polyglossia\gloss-arabi
c.ldf
File: gloss-arabic.ldf polyglossia: module for arabic
 (C:\Users\adnan\AppData\Local\Programs\MiKTeX\tex/xelatex/bidi\bidi.sty
Package: bidi 2022/02/18 v36.7 Bidirectional typesetting in plain TeX and LaTeX


****************************************************
* 
* bidi package (Bidirectional typesetting in
* plain TeX and LaTeX, using XeTeX engine)
* 
* Description: A convenient interface for
* typesetting bidirectional texts in plain TeX
* and LaTeX. The package includes adaptations
* for use with many other commonly-used packages.
* 
* Copyright (c) 2007--2022 Vafa Khalighi
* Copyright (c) 2018--2020 bidi-tex GitHub organization
* 
* v36.7, 2022/02/18
* 
* License: LaTeX Project Public License, version
* 1.3c or higher (your choice)
* 
* Location on CTAN: /macros/xetex/latex/bidi
* 
* Issue tracker: https://github.com/tex-persian/bidi/issues
* 
* Discussions: https://github.com/tex-persian/bidi/discussions
* 
* Support Email: tex-persian@vafa.ac
* 
* Primary author of bidi package: Vafa Khalighi.
* 
****************************************************
(C:\Users\adnan\AppData\Local\Programs\MiKTeX\tex/xelatex/bidi\biditools.sty
Package: biditools 2022/02/01 v2.1 Programming tools for bidi package
\@bidi@envbody=\toks40
\@bidi@emptytoks=\toks41
\bidi@poscount=\count335
\bidi@tempcountb=\count336
\bidi@temptoksa=\toks42
\bidi@temptoksb=\toks43
\bidi@dummies=\count337
\bidi@are@these@correct=\toks44
\bidi@toks@lista=\toks45
\bidi@toks@listb=\toks46
\bidi@stack@length=\count338
\bidi@empty@stack=\toks47
\bidi@looprepeat@depth=\count339
)
==> First Aid for biditools.sty no longer applied!
    Expected:
        2020/05/13 v2 Programming tools for bidi package
    but found:
        2022/02/01 v2.1 Programming tools for bidi package
    so I'm assuming it got fixed.
(C:\Users\adnan\AppData\Local\Programs\MiKTeX\tex/latex/zref\zref-abspage.sty
Package: zref-abspage 2022-03-08 v2.33 Module abspage for zref (HO)

(C:\Users\adnan\AppData\Local\Programs\MiKTeX\tex/latex/zref\zref-base.sty
Package: zref-base 2022-03-08 v2.33 Module base for zref (HO)
Package zref Info: New property list: main on input line 767.
Package zref Info: New property: default on input line 768.
Package zref Info: New property: page on input line 769.
)
\c@abspage=\count340
Package zref Info: New property: abspage on input line 65.
)
\@bidi@copyins@=\insert251

(C:\Users\adnan\AppData\Local\Programs\MiKTeX\tex/xelatex/bidi\latex-xetex-bidi
.def
File: latex-xetex-bidi.def 2022/02/18 v1.4.0 bidi adaptations for `latex.ltx' f
or XeTeX engine
\bidi@n@everypar=\toks48
\bidi@column@check@number=\count341

(C:\Users\adnan\AppData\Local\Programs\MiKTeX\tex/xelatex/bidi\footnote-xetex-b
idi.def
File: footnote-xetex-bidi.def 2017/08/09 v1.1 bidi footnote macros for XeTeX en
gine
\c@footdir@label=\count342
\footdir@toks=\toks49
)
(C:\Users\adnan\AppData\Local\Programs\MiKTeX\tex/xelatex/bidi\book-xetex-bidi.
def
File: book-xetex-bidi.def 2017/06/09 v1.0 bidi adaptations for standard book cl
ass for XeTeX engine
)
(C:\Users\adnan\AppData\Local\Programs\MiKTeX\tex/xelatex/bidi\amsmath-xetex-bi
di.def
File: amsmath-xetex-bidi.def 2020/05/16 v1.2 bidi adaptations for amsmath packa
ge for XeTeX engine
)
(C:\Users\adnan\AppData\Local\Programs\MiKTeX\tex/xelatex/bidi\amstext-xetex-bi
di.def
File: amstext-xetex-bidi.def 2016/09/12 v0.2 bidi adaptations for amstext packa
ge for XeTeX engine
)
(C:\Users\adnan\AppData\Local\Programs\MiKTeX\tex/xelatex/bidi\caption-xetex-bi
di.def
File: caption-xetex-bidi.def 2010/07/25 v0.1 bidi adaptations for caption packa
ge for XeTeX engine
)
(C:\Users\adnan\AppData\Local\Programs\MiKTeX\tex/xelatex/bidi\caption3-xetex-b
idi.def
File: caption3-xetex-bidi.def 2013/04/01 v0.1 bidi adaptations for caption3 pac
kage for XeTeX engine
)
(C:\Users\adnan\AppData\Local\Programs\MiKTeX\tex/xelatex/bidi\floatrow-xetex-b
idi.def
File: floatrow-xetex-bidi.def 2013/04/08 v0.1 bidi adaptations for floatrow pac
kage for XeTeX engine
)
(C:\Users\adnan\AppData\Local\Programs\MiKTeX\tex/xelatex/bidi\color-xetex-bidi
.def
File: color-xetex-bidi.def 2013/04/08 v0.2 bidi adaptations for color package f
or XeTeX engine
LaTeX Info: Redefining \color on input line 50.
)
(C:\Users\adnan\AppData\Local\Programs\MiKTeX\tex/xelatex/bidi\xcolor-xetex-bid
i.def
File: xcolor-xetex-bidi.def 2013/04/08 v0.2 bidi adaptations for xcolor package
 for XeTeX engine
LaTeX Info: Redefining \color on input line 49.
LaTeX Info: Redefining \bidicolor on input line 92.
)
(C:\Users\adnan\AppData\Local\Programs\MiKTeX\tex/xelatex/bidi\graphicx-xetex-b
idi.def
File: graphicx-xetex-bidi.def 2017/06/17 v0.5 bidi adaptations for graphicx pac
kage for XeTeX engine
)
(C:\Users\adnan\AppData\Local\Programs\MiKTeX\tex/xelatex/bidi\geometry-xetex-b
idi.def
File: geometry-xetex-bidi.def 2017/01/14 v0.2 bidi adaptations for geometry pac
kage for XeTeX engine
)
(C:\Users\adnan\AppData\Local\Programs\MiKTeX\tex/xelatex/bidi\hyperref-xetex-b
idi.def
File: hyperref-xetex-bidi.def 2018/11/11 v1.1 bidi adaptations for hyperref pac
kage for XeTeX engine
)
(C:\Users\adnan\AppData\Local\Programs\MiKTeX\tex/xelatex/bidi\eso-pic-xetex-bi
di.def
File: eso-pic-xetex-bidi.def 2022/02/18 v0.4 bidi adaptations for eso-pic packa
ge for XeTeX engine
)
(C:\Users\adnan\AppData\Local\Programs\MiKTeX\tex/xelatex/bidi\pdfpages-xetex-b
idi.def
File: pdfpages-xetex-bidi.def 2010/07/25 v0.1 bidi adaptations for pdfpages pac
kage for XeTeX engine
)
(C:\Users\adnan\AppData\Local\Programs\MiKTeX\tex/xelatex/bidi\titlesec-xetex-b
idi.def
File: titlesec-xetex-bidi.def 2010/07/25 v0.1 bidi adaptations for titlesec pac
kage for XeTeX engine
))
(C:\Users\adnan\AppData\Local\Programs\MiKTeX\tex/xelatex/bidi\loadingorder-xet
ex-bidi.def
File: loadingorder-xetex-bidi.def 2017/12/29 v0.97 making sure that bidi is the
 last package loaded
)
\bidi@digits=\count343
\bidi@digits@charclass=\XeTeXcharclass2
\bidi@sepmark@charclass=\XeTeXcharclass3
)
(C:\Users\adnan\AppData\Local\Programs\MiKTeX\tex/latex/polyglossia\arabicnumbe
rs.sty
Package: arabicnumbers 2010/03/18 v0.2 Formatting of Arabic and Farsi digits an
d of Arabic abjad numerals
)
(C:\Users\adnan\AppData\Local\Programs\MiKTeX\tex/latex/polyglossia\hijrical.st
y
Package: hijrical 2010/07/12 v0.2 Islamic calendar

(C:\Users\adnan\AppData\Local\Programs\MiKTeX\tex/latex/polyglossia\cal-util.de
f
\c@tmpA=\count344
\c@tmpB=\count345
\c@tmpC=\count346
\c@tmpD=\count347
\c@tmpE=\count348
\c@tmpF=\count349
)
\c@Hijriday=\count350
\c@Hijrimonth=\count351
\c@Hijriyear=\count352
)
The property list \polyglossia@langsetup contains the pairs (without outer
braces):
>  {latex/script}  =>  {latin}
>  {latex/lcscript}  =>  {latin}
>  {latex/scripttag}  =>  {}
>  {latex/language}  =>  {Latex}
>  {latex/langtag}  =>  {}
>  {latex/bcp47}  =>  {}
>  {latex/hyphennames}  =>  {latex}
>  {latex/direction}  =>  {LR}
>  {latex/hyphenmins}  =>  {2,3}
>  {latex/frenchspacing}  =>  {false}
>  {latex/indentfirst}  =>  {false}
>  {latex/fontsetup}  =>  {true}
>  {latex/envname}  =>  {latex}
>  {latex/babelname}  =>  {latex}
>  {latex/localnumeral}  =>  {polyglossia@C@localnumeral}
>  {latex/Localnumeral}  =>  {polyglossia@C@localnumeral}
>  {latex/DefineCommandsCmd}  =>  {xpg_define_language_commands:e}
>  {arabic/script}  =>  {Arabic}
>  {arabic/lcscript}  =>  {arabic}
>  {arabic/scripttag}  =>  {arab}
>  {arabic/language}  =>  {Arabic}
>  {arabic/langtag}  =>  {ARA}
>  {arabic/bcp47}  =>  {ar}
>  {arabic/hyphennames}  =>  {nohyphenation}
>  {arabic/direction}  =>  {RL}
>  {arabic/hyphenmins}  =>  {2,3}
>  {arabic/frenchspacing}  =>  {false}
>  {arabic/indentfirst}  =>  {false}
>  {arabic/fontsetup}  =>  {true}
>  {arabic/envname}  =>  {Arabic}
>  {arabic/babelname}  =>  {arabic}
>  {arabic/localnumeral}  =>  {arabicnumerals}
>  {arabic/Localnumeral}  =>  {arabicnumerals}
>  {arabic/DefineCommandsCmd}  =>  {xpg_define_language_commands:e}.
)
Package polyglossia Info: Default language is arabic.

(C:\Users\adnan\AppData\Local\Programs\MiKTeX\tex/latex/polyglossia\gloss-engli
sh.ldf
File: gloss-english.ldf polyglossia: module for english
The property list \polyglossia@langsetup contains the pairs (without outer
braces):
>  {latex/script}  =>  {latin}
>  {latex/lcscript}  =>  {latin}
>  {latex/scripttag}  =>  {}
>  {latex/language}  =>  {Latex}
>  {latex/langtag}  =>  {}
>  {latex/bcp47}  =>  {}
>  {latex/hyphennames}  =>  {latex}
>  {latex/direction}  =>  {LR}
>  {latex/hyphenmins}  =>  {2,3}
>  {latex/frenchspacing}  =>  {false}
>  {latex/indentfirst}  =>  {false}
>  {latex/fontsetup}  =>  {true}
>  {latex/envname}  =>  {latex}
>  {latex/babelname}  =>  {latex}
>  {latex/localnumeral}  =>  {polyglossia@C@localnumeral}
>  {latex/Localnumeral}  =>  {polyglossia@C@localnumeral}
>  {latex/DefineCommandsCmd}  =>  {xpg_define_language_commands:e}
>  {arabic/script}  =>  {Arabic}
>  {arabic/lcscript}  =>  {arabic}
>  {arabic/scripttag}  =>  {arab}
>  {arabic/language}  =>  {Arabic}
>  {arabic/langtag}  =>  {ARA}
>  {arabic/bcp47}  =>  {ar}
>  {arabic/hyphennames}  =>  {nohyphenation}
>  {arabic/direction}  =>  {RL}
>  {arabic/hyphenmins}  =>  {2,3}
>  {arabic/frenchspacing}  =>  {false}
>  {arabic/indentfirst}  =>  {false}
>  {arabic/fontsetup}  =>  {true}
>  {arabic/envname}  =>  {Arabic}
>  {arabic/babelname}  =>  {arabic}
>  {arabic/localnumeral}  =>  {arabicnumerals}
>  {arabic/Localnumeral}  =>  {arabicnumerals}
>  {arabic/DefineCommandsCmd}  =>  {xpg_define_language_commands:e}
>  {english/script}  =>  {latin}
>  {english/lcscript}  =>  {latin}
>  {english/scripttag}  =>  {}
>  {english/language}  =>  {English}
>  {english/langtag}  =>  {ENG}
>  {english/bcp47}  =>  {en-US}
>  {english/hyphennames}  =>  {english,american,usenglish,USenglish}
>  {english/direction}  =>  {LR}
>  {english/hyphenmins}  =>  {2,3}
>  {english/frenchspacing}  =>  {false}
>  {english/indentfirst}  =>  {false}
>  {english/fontsetup}  =>  {true}
>  {english/envname}  =>  {english}
>  {english/babelname}  =>  {english}
>  {english/localnumeral}  =>  {polyglossia@C@localnumeral}
>  {english/Localnumeral}  =>  {polyglossia@C@localnumeral}
>  {english/DefineCommandsCmd}  =>  {xpg_define_language_commands:e}.
Package polyglossia Info: Option: English, variant=american.
)

Package fontspec Info: Could not resolve font "Simplified Arabic/I" (it
(fontspec)             probably doesn't exist).


Package fontspec Info: Font family 'SimplifiedArabic(0)' created for font
(fontspec)             'Simplified Arabic' with options [Ligatures=TeX].
(fontspec)              
(fontspec)              This font family consists of the following NFSS
(fontspec)             series/shapes:
(fontspec)              
(fontspec)             - 'normal' (m/n) with NFSS spec.: <->"Simplified
(fontspec)             Arabic/OT:language=dflt;mapping=tex-text;"
(fontspec)             - 'small caps'  (m/sc) with NFSS spec.: 
(fontspec)             - 'bold' (b/n) with NFSS spec.: <->"Simplified
(fontspec)             Arabic/B/OT:language=dflt;mapping=tex-text;"
(fontspec)             - 'bold small caps'  (b/sc) with NFSS spec.: 
(fontspec)             - 'bold italic' (b/it) with NFSS spec.: <->"Simplified
(fontspec)             Arabic/BI/OT:language=dflt;mapping=tex-text;"
(fontspec)             - 'bold italic small caps'  (b/scit) with NFSS spec.: 


(C:\Users\adnan\AppData\Local\Programs\MiKTeX\tex/latex/algorithm2e\algorithm2e
.sty
Invalid UTF-8 byte or sequence at line 284 replaced by U+FFFD.
Invalid UTF-8 byte or sequence at line 299 replaced by U+FFFD.
Invalid UTF-8 byte or sequence at line 550 replaced by U+FFFD.
Package: algorithm2e 2017/07/18 v5.2 algorithms environments
\c@AlgoLine=\count353
\algocf@hangindent=\skip74

(C:\Users\adnan\AppData\Local\Programs\MiKTeX\tex/latex/ifoddpage\ifoddpage.sty
Package: ifoddpage 2016/04/23 v1.1 Conditionals for odd/even page detection
\c@checkoddpage=\count354
) (C:\Users\adnan\AppData\Local\Programs\MiKTeX\tex/latex/tools\xspace.sty
Package: xspace 2014/10/28 v1.13 Space after command names (DPC,MH)
)
(C:\Users\adnan\AppData\Local\Programs\MiKTeX\tex/latex/relsize\relsize.sty
Package: relsize 2013/03/29 ver 4.1
)
\skiptotal=\skip75
\skiplinenumber=\skip76
\skiprule=\skip77
\skiphlne=\skip78
\skiptext=\skip79
\skiplength=\skip80
\algomargin=\skip81
\skipalgocfslide=\skip82
\algowidth=\dimen271
\inoutsize=\dimen272
\inoutindent=\dimen273
\interspacetitleruled=\dimen274
\interspacealgoruled=\dimen275
\interspacetitleboxruled=\dimen276
\algocf@ruledwidth=\skip83
\algocf@inoutbox=\box62
\algocf@inputbox=\box63
\AlCapSkip=\skip84
\AlCapHSkip=\skip85
\algoskipindent=\skip86
\algocf@nlbox=\box64
\algocf@hangingbox=\box65
\algocf@untilbox=\box66
\algocf@skipuntil=\skip87
\algocf@capbox=\box67
\algocf@lcaptionbox=\skip88
\algoheightruledefault=\skip89
\algoheightrule=\skip90
\algotitleheightruledefault=\skip91
\algotitleheightrule=\skip92
\c@algocfline=\count355
\c@algocfproc=\count356
\c@algocf=\count357
\algocf@algoframe=\box68
\algocf@algobox=\box69
)

Package fontspec Info: Font family 'TimesNewRoman(0)' created for font 'Times
(fontspec)             New Roman' with options [].
(fontspec)              
(fontspec)              This font family consists of the following NFSS
(fontspec)             series/shapes:
(fontspec)              
(fontspec)             - 'normal' (m/n) with NFSS spec.: <->"Times New
(fontspec)             Roman/OT:script=latn;language=dflt;"
(fontspec)             - 'small caps'  (m/sc) with NFSS spec.: <->"Times New
(fontspec)             Roman/OT:script=latn;language=dflt;+smcp;"
(fontspec)             - 'bold' (b/n) with NFSS spec.: <->"Times New
(fontspec)             Roman/B/OT:script=latn;language=dflt;"
(fontspec)             - 'bold small caps'  (b/sc) with NFSS spec.: <->"Times
(fontspec)             New Roman/B/OT:script=latn;language=dflt;+smcp;"
(fontspec)             - 'italic' (m/it) with NFSS spec.: <->"Times New
(fontspec)             Roman/I/OT:script=latn;language=dflt;"
(fontspec)             - 'italic small caps'  (m/scit) with NFSS spec.:
(fontspec)             <->"Times New
(fontspec)             Roman/I/OT:script=latn;language=dflt;+smcp;"
(fontspec)             - 'bold italic' (b/it) with NFSS spec.: <->"Times New
(fontspec)             Roman/BI/OT:script=latn;language=dflt;"
(fontspec)             - 'bold italic small caps'  (b/scit) with NFSS spec.:
(fontspec)             <->"Times New
(fontspec)             Roman/BI/OT:script=latn;language=dflt;+smcp;"


Package fontspec Info: Could not resolve font "Simplified Arabic/I" (it
(fontspec)             probably doesn't exist).


Package fontspec Info: Font family 'SimplifiedArabic(1)' created for font
(fontspec)             'Simplified Arabic' with options [Script = Arabic].
(fontspec)              
(fontspec)              This font family consists of the following NFSS
(fontspec)             series/shapes:
(fontspec)              
(fontspec)             - 'normal' (m/n) with NFSS spec.: <->"Simplified
(fontspec)             Arabic/OT:script=arab;language=dflt;"
(fontspec)             - 'small caps'  (m/sc) with NFSS spec.: 
(fontspec)             - 'bold' (b/n) with NFSS spec.: <->"Simplified
(fontspec)             Arabic/B/OT:script=arab;language=dflt;"
(fontspec)             - 'bold small caps'  (b/sc) with NFSS spec.: 
(fontspec)             - 'bold italic' (b/it) with NFSS spec.: <->"Simplified
(fontspec)             Arabic/BI/OT:script=arab;language=dflt;"
(fontspec)             - 'bold italic small caps'  (b/scit) with NFSS spec.: 


(main.aux
LaTeX Info: Redefining \rmfamily on input line 25.
LaTeX Info: Redefining \sffamily on input line 25.
LaTeX Info: Redefining \ttfamily on input line 25.
Package polyglossia Info: Option: English, variant=american.
Package polyglossia Info: Option: English, variant=american.
LaTeX Info: Redefining \rmfamily on input line 29.
LaTeX Info: Redefining \sffamily on input line 29.
LaTeX Info: Redefining \ttfamily on input line 29.
Package polyglossia Info: Option: English, variant=american.
Package polyglossia Info: Option: English, variant=american.
LaTeX Info: Redefining \rmfamily on input line 125.
LaTeX Info: Redefining \sffamily on input line 125.
LaTeX Info: Redefining \ttfamily on input line 125.
Package polyglossia Info: Option: English, variant=american.
Package polyglossia Info: Option: English, variant=american.
LaTeX Info: Redefining \rmfamily on input line 130.
LaTeX Info: Redefining \sffamily on input line 130.
LaTeX Info: Redefining \ttfamily on input line 130.
Package polyglossia Info: Option: English, variant=american.
Package polyglossia Info: Option: English, variant=american.
LaTeX Info: Redefining \rmfamily on input line 187.
LaTeX Info: Redefining \sffamily on input line 187.
LaTeX Info: Redefining \ttfamily on input line 187.
Package polyglossia Info: Option: English, variant=american.
Package polyglossia Info: Option: English, variant=american.
LaTeX Info: Redefining \rmfamily on input line 188.
LaTeX Info: Redefining \sffamily on input line 188.
LaTeX Info: Redefining \ttfamily on input line 188.
Package polyglossia Info: Option: English, variant=american.
Package polyglossia Info: Option: English, variant=american.
LaTeX Info: Redefining \rmfamily on input line 243.
LaTeX Info: Redefining \sffamily on input line 243.
LaTeX Info: Redefining \ttfamily on input line 243.
Package polyglossia Info: Option: English, variant=american.
Package polyglossia Info: Option: English, variant=american.
LaTeX Info: Redefining \rmfamily on input line 281.
LaTeX Info: Redefining \sffamily on input line 281.
LaTeX Info: Redefining \ttfamily on input line 281.
Package polyglossia Info: Option: English, variant=american.
Package polyglossia Info: Option: English, variant=american.
)
\openout1 = `main.aux'.

LaTeX Font Info:    Checking defaults for OML/cmm/m/it on input line 37.
LaTeX Font Info:    ... okay on input line 37.
LaTeX Font Info:    Checking defaults for OMS/cmsy/m/n on input line 37.
LaTeX Font Info:    ... okay on input line 37.
LaTeX Font Info:    Checking defaults for OT1/cmr/m/n on input line 37.
LaTeX Font Info:    ... okay on input line 37.
LaTeX Font Info:    Checking defaults for T1/cmr/m/n on input line 37.
LaTeX Font Info:    ... okay on input line 37.
LaTeX Font Info:    Checking defaults for TS1/cmr/m/n on input line 37.
LaTeX Font Info:    Trying to load font information for TS1+cmr on input line 3
7.

(C:\Users\adnan\AppData\Local\Programs\MiKTeX\tex/latex/base\ts1cmr.fd
File: ts1cmr.fd 2019/12/16 v2.5j Standard LaTeX font definitions
)
LaTeX Font Info:    ... okay on input line 37.
LaTeX Font Info:    Checking defaults for TU/lmr/m/n on input line 37.
LaTeX Font Info:    ... okay on input line 37.
LaTeX Font Info:    Checking defaults for OMX/cmex/m/n on input line 37.
LaTeX Font Info:    ... okay on input line 37.
LaTeX Font Info:    Checking defaults for U/cmr/m/n on input line 37.
LaTeX Font Info:    ... okay on input line 37.
LaTeX Font Info:    Checking defaults for PD1/pdf/m/n on input line 37.
LaTeX Font Info:    ... okay on input line 37.
LaTeX Font Info:    Checking defaults for PU/pdf/m/n on input line 37.
LaTeX Font Info:    ... okay on input line 37.
Package caption Info: Begin \AtBeginDocument code.
Package caption Info: float package is loaded.
Package caption Info: floatrow package is loaded.
Package caption Info: hyperref package is loaded.
Package caption Info: End \AtBeginDocument code.

*geometry* driver: auto-detecting
*geometry* detected driver: xetex
*geometry* verbose mode - [ preamble ] result:
* driver: xetex
* paper: a4paper
* layout: <same size as paper>
* layoutoffset:(h,v)=(0.0pt,0.0pt)
* modes: twoside 
* h-part:(L,W,R)=(71.70166pt, 418.25368pt, 107.55254pt)
* v-part:(T,H,B)=(101.40665pt, 591.5302pt, 152.11pt)
* \paperwidth=597.50787pt
* \paperheight=845.04684pt
* \textwidth=418.25368pt
* \textheight=591.5302pt
* \oddsidemargin=-0.56833pt
* \evensidemargin=35.28255pt
* \topmargin=-0.93083pt
* \headheight=12.0pt
* \headsep=18.06749pt
* \topskip=10.0pt
* \footskip=25.29494pt
* \marginparwidth=115.0pt
* \marginparsep=7.0pt
* \columnsep=10.0pt
* \skip\footins=9.0pt plus 4.0pt minus 2.0pt
* \hoffset=0.0pt
* \voffset=0.0pt
* \mag=1000
* \@twocolumnfalse
* \@twosidetrue
* \@mparswitchtrue
* \@reversemarginfalse
* (1in=72.27pt=25.4mm, 1cm=28.453pt)


(C:\Users\adnan\AppData\Local\Programs\MiKTeX\tex/latex/pdflscape\pdflscape.sty
Package: pdflscape 2019/12/05 v0.12 Display of landscape pages in PDF (HO)
(C:\Users\adnan\AppData\Local\Programs\MiKTeX\tex/latex/graphics\lscape.sty
Package: lscape 2020/05/28 v3.02 Landscape Pages (DPC)
)
Package pdflscape Info: Auto-detected driver: dvipdfm (xetex) on input line 98.

)
Package hyperref Info: Link coloring OFF on input line 37.

(C:\Users\adnan\AppData\Local\Programs\MiKTeX\tex/latex/hyperref\nameref.sty
Package: nameref 2021-04-02 v2.47 Cross-referencing by name of section

(C:\Users\adnan\AppData\Local\Programs\MiKTeX\tex/latex/refcount\refcount.sty
Package: refcount 2019/12/15 v3.6 Data extraction from label references (HO)
)
(C:\Users\adnan\AppData\Local\Programs\MiKTeX\tex/generic/gettitlestring\gettit
lestring.sty
Package: gettitlestring 2019/12/15 v1.6 Cleanup title references (HO)
)
\c@section@level=\count358
)
LaTeX Info: Redefining \ref on input line 37.
LaTeX Info: Redefining \pageref on input line 37.
LaTeX Info: Redefining \nameref on input line 37.
 (main.out) (main.out)
\@outlinefile=\write4
\openout4 = `main.out'.


Package fontspec Info: Adjusting the maths setup (use [no-math] to avoid
(fontspec)             this).

\symlegacymaths=\mathgroup6
LaTeX Font Info:    Overwriting symbol font `legacymaths' in version `bold'
(Font)                  OT1/cmr/m/n --> OT1/cmr/bx/n on input line 37.
LaTeX Font Info:    Redeclaring math accent \acute on input line 37.
LaTeX Font Info:    Redeclaring math accent \grave on input line 37.
LaTeX Font Info:    Redeclaring math accent \ddot on input line 37.
LaTeX Font Info:    Redeclaring math accent \tilde on input line 37.
LaTeX Font Info:    Redeclaring math accent \bar on input line 37.
LaTeX Font Info:    Redeclaring math accent \breve on input line 37.
LaTeX Font Info:    Redeclaring math accent \check on input line 37.
LaTeX Font Info:    Redeclaring math accent \hat on input line 37.
LaTeX Font Info:    Redeclaring math accent \dot on input line 37.
LaTeX Font Info:    Redeclaring math accent \mathring on input line 37.
LaTeX Font Info:    Redeclaring math symbol \Gamma on input line 37.
LaTeX Font Info:    Redeclaring math symbol \Delta on input line 37.
LaTeX Font Info:    Redeclaring math symbol \Theta on input line 37.
LaTeX Font Info:    Redeclaring math symbol \Lambda on input line 37.
LaTeX Font Info:    Redeclaring math symbol \Xi on input line 37.
LaTeX Font Info:    Redeclaring math symbol \Pi on input line 37.
LaTeX Font Info:    Redeclaring math symbol \Sigma on input line 37.
LaTeX Font Info:    Redeclaring math symbol \Upsilon on input line 37.
LaTeX Font Info:    Redeclaring math symbol \Phi on input line 37.
LaTeX Font Info:    Redeclaring math symbol \Psi on input line 37.
LaTeX Font Info:    Redeclaring math symbol \Omega on input line 37.
LaTeX Font Info:    Redeclaring math symbol \mathdollar on input line 37.
LaTeX Font Info:    Redeclaring symbol font `operators' on input line 37.
LaTeX Font Info:    Encoding `OT1' has changed to `TU' for symbol font
(Font)              `operators' in the math version `normal' on input line 37.
LaTeX Font Info:    Overwriting symbol font `operators' in version `normal'
(Font)                  OT1/cmr/m/n --> TU/SimplifiedArabic(0)/m/n on input lin
e 37.
LaTeX Font Info:    Encoding `OT1' has changed to `TU' for symbol font
(Font)              `operators' in the math version `bold' on input line 37.
LaTeX Font Info:    Overwriting symbol font `operators' in version `bold'
(Font)                  OT1/cmr/bx/n --> TU/SimplifiedArabic(0)/m/n on input li
ne 37.
LaTeX Font Info:    Overwriting symbol font `operators' in version `normal'
(Font)                  TU/SimplifiedArabic(0)/m/n --> TU/SimplifiedArabic(0)/m
/n on input line 37.
LaTeX Font Info:    Overwriting math alphabet `\mathit' in version `normal'
(Font)                  OT1/cmr/m/it --> TU/SimplifiedArabic(0)/m/it on input l
ine 37.
LaTeX Font Info:    Overwriting math alphabet `\mathbf' in version `normal'
(Font)                  OT1/cmr/bx/n --> TU/SimplifiedArabic(0)/b/n on input li
ne 37.
LaTeX Font Info:    Overwriting math alphabet `\mathsf' in version `normal'
(Font)                  OT1/cmss/m/n --> TU/lmss/m/n on input line 37.
LaTeX Font Info:    Overwriting math alphabet `\mathtt' in version `normal'
(Font)                  OT1/cmtt/m/n --> TU/lmtt/m/n on input line 37.
LaTeX Font Info:    Overwriting symbol font `operators' in version `bold'
(Font)                  TU/SimplifiedArabic(0)/m/n --> TU/SimplifiedArabic(0)/b
/n on input line 37.
LaTeX Font Info:    Overwriting math alphabet `\mathit' in version `bold'
(Font)                  OT1/cmr/bx/it --> TU/SimplifiedArabic(0)/b/it on input 
line 37.
LaTeX Font Info:    Overwriting math alphabet `\mathsf' in version `bold'
(Font)                  OT1/cmss/bx/n --> TU/lmss/b/n on input line 37.
LaTeX Font Info:    Overwriting math alphabet `\mathtt' in version `bold'
(Font)                  OT1/cmtt/m/n --> TU/lmtt/b/n on input line 37.
The property list \__xpg_alias contains the pairs (without outer braces):
>  {latex/target}  =>  {latex}
>  {arabic/target}  =>  {arabic}
>  {ar/target}  =>  {arabic}
>  {ar-IQ/target}  =>  {arabic}
>  {ar-IQ/options}  =>  {locale=mashriq}
>  {ar-YE/target}  =>  {arabic}
>  {ar-YE/options}  =>  {locale=default}
>  {ar-LB/target}  =>  {arabic}
>  {ar-LB/options}  =>  {locale=mashriq}
>  {ar-JO/target}  =>  {arabic}
>  {ar-JO/options}  =>  {locale=mashriq}
>  {afb/target}  =>  {arabic}
>  {afb/options}  =>  {locale=default}
>  {ar-MR/target}  =>  {arabic}
>  {ar-MR/options}  =>  {locale=mauritania}
>  {arz/target}  =>  {arabic}
>  {arz/options}  =>  {locale=default}
>  {ary/target}  =>  {arabic}
>  {ary/options}  =>  {locale=morocco}
>  {arq/target}  =>  {arabic}
>  {arq/options}  =>  {locale=algeria}
>  {aeb/target}  =>  {arabic}
>  {aeb/options}  =>  {locale=tunisia}
>  {ar-SY/target}  =>  {arabic}
>  {ar-SY/options}  =>  {locale=mashriq}
>  {ayl/target}  =>  {arabic}
>  {ayl/options}  =>  {locale=libya}
>  {apd/target}  =>  {arabic}
>  {apd/options}  =>  {locale=default}
>  {ar-PS/target}  =>  {arabic}
>  {ar-PS/options}  =>  {locale=mashriq}
>  {english/target}  =>  {english}
>  {en/target}  =>  {english}
>  {en/bcp47}  =>  {en}
>  {en/options}  =>  {bcp47=en}
>  {en-AU/target}  =>  {en}
>  {en-AU/variant}  =>  {australian}
>  {en-AU/bcp47}  =>  {en-AU}
>  {en-AU/babelname}  =>  {australian}
>  {en-AU/options}  =>  {variant=australian,babelname=autralian,bcp47=en-AU}
>  {en-CA/target}  =>  {en}
>  {en-CA/variant}  =>  {canadian}
>  {en-CA/bcp47}  =>  {en-CA}
>  {en-CA/babelname}  =>  {canadian}
>  {en-CA/options}  =>  {variant=canadian,babelname=canadian,bcp47=en-CA}
>  {en-GB/target}  =>  {en}
>  {en-GB/variant}  =>  {british}
>  {en-GB/bcp47}  =>  {en-NZ}
>  {en-GB/babelname}  =>  {british}
>  {en-GB/options}  =>  {variant=british,babelname=british,bcp47=en-NZ}
>  {en-NZ/target}  =>  {en}
>  {en-NZ/variant}  =>  {newzealand}
>  {en-NZ/bcp47}  =>  {en-NZ}
>  {en-NZ/babelname}  =>  {newzealand}
>  {en-NZ/options}  =>  {variant=newzealand,babelname=newzealand,bcp47=en-NZ}
>  {en-US/target}  =>  {en}
>  {en-US/variant}  =>  {us}
>  {en-US/bcp47}  =>  {en-US}
>  {en-US/babelname}  =>  {us}
>  {en-US/options}  =>  {variant=us,babelname=american,bcp47=en-US}
>  {american/target}  =>  {en-US}
>  {american/variant}  =>  {us}
>  {american/options}  =>  {variant=us}
>  {australian/target}  =>  {en-AU}
>  {australian/variant}  =>  {australian}
>  {australian/options}  =>  {variant=australian}
>  {british/target}  =>  {en-GB}
>  {british/variant}  =>  {british}
>  {british/options}  =>  {variant=british}
>  {canadian/target}  =>  {en-CA}
>  {canadian/variant}  =>  {canadian}
>  {canadian/options}  =>  {variant=canadian}
>  {newzealand/target}  =>  {en-NZ}
>  {newzealand/variant}  =>  {newzealand}
>  {newzealand/options}  =>  {variant=newzealand}.
File: 01-cover.pdf Graphic file (type pdf)
<use 01-cover.pdf>
File: 01-cover.pdf Graphic file (type pdf)
<use 01-cover.pdf>
File: 01-cover.pdf Graphic file (type pdf)
<use 01-cover.pdf, page 1>
File: 01-cover.pdf Graphic file (type pdf)
<use 01-cover.pdf, page 1>
File: 01-cover.pdf Graphic file (type pdf)
<use 01-cover.pdf, page 1>
File: 01-cover.pdf Graphic file (type pdf)
<use 01-cover.pdf, page 1>
File: 01-cover.pdf Graphic file (type pdf)
<use 01-cover.pdf, page 1>
 [1

]
File: 01-cover.pdf Graphic file (type pdf)
<use 01-cover.pdf, page 2>
File: 01-cover.pdf Graphic file (type pdf)
<use 01-cover.pdf, page 2>
File: 01-cover.pdf Graphic file (type pdf)
<use 01-cover.pdf, page 2>
 [2]
File: 01-cover.pdf Graphic file (type pdf)
<use 01-cover.pdf, page 3>
File: 01-cover.pdf Graphic file (type pdf)
<use 01-cover.pdf, page 3>
File: 01-cover.pdf Graphic file (type pdf)
<use 01-cover.pdf, page 3>
 [3]
File: 01-cover.pdf Graphic file (type pdf)
<use 01-cover.pdf, page 4>
File: 01-cover.pdf Graphic file (type pdf)
<use 01-cover.pdf, page 4>
File: 01-cover.pdf Graphic file (type pdf)
<use 01-cover.pdf, page 4>
 [4]
File: 01-cover.pdf Graphic file (type pdf)
<use 01-cover.pdf, page 5>
File: 01-cover.pdf Graphic file (type pdf)
<use 01-cover.pdf, page 5>
File: 01-cover.pdf Graphic file (type pdf)
<use 01-cover.pdf, page 5>
 [5]
File: 01-cover.pdf Graphic file (type pdf)
<use 01-cover.pdf, page 6>
File: 01-cover.pdf Graphic file (type pdf)
<use 01-cover.pdf, page 6>
File: 01-cover.pdf Graphic file (type pdf)
<use 01-cover.pdf, page 6>
 [6]
File: 01-cover.pdf Graphic file (type pdf)
<use 01-cover.pdf, page 7>
File: 01-cover.pdf Graphic file (type pdf)
<use 01-cover.pdf, page 7>
File: 01-cover.pdf Graphic file (type pdf)
<use 01-cover.pdf, page 7>
 [7]
LaTeX Info: Redefining \rmfamily on input line 43.
LaTeX Info: Redefining \sffamily on input line 43.
LaTeX Info: Redefining \ttfamily on input line 43.

(01-abstract.tex)
Underfull \vbox (badness 10000) has occurred while \output is active []



LaTeX Font Warning: Font shape `TU/SimplifiedArabic(1)/m/sl' undefined
(Font)              using `TU/SimplifiedArabic(1)/m/n' instead on input line 49
.

[8] (03-section.tex) [9] [10

] (main.toc
LaTeX Info: Redefining \rmfamily on input line 2.
LaTeX Info: Redefining \sffamily on input line 2.
LaTeX Info: Redefining \ttfamily on input line 2.
Package polyglossia Info: Option: English, variant=american.
Package polyglossia Info: Option: English, variant=american.
LaTeX Info: Redefining \rmfamily on input line 3.
LaTeX Info: Redefining \sffamily on input line 3.
LaTeX Info: Redefining \ttfamily on input line 3.
Package polyglossia Info: Option: English, variant=american.
Package polyglossia Info: Option: English, variant=american.
LaTeX Font Info:    Trying to load font information for U+msa on input line 5.

(C:\Users\adnan\AppData\Local\Programs\MiKTeX\tex/latex/amsfonts\umsa.fd
File: umsa.fd 2013/01/14 v3.01 AMS symbols A
)
LaTeX Font Info:    Trying to load font information for U+msb on input line 5.

(C:\Users\adnan\AppData\Local\Programs\MiKTeX\tex/latex/amsfonts\umsb.fd
File: umsb.fd 2013/01/14 v3.01 AMS symbols B
)
LaTeX Info: Redefining \rmfamily on input line 23.
LaTeX Info: Redefining \sffamily on input line 23.
LaTeX Info: Redefining \ttfamily on input line 23.
Package polyglossia Info: Option: English, variant=american.
Package polyglossia Info: Option: English, variant=american.
LaTeX Info: Redefining \rmfamily on input line 24.
LaTeX Info: Redefining \sffamily on input line 24.
LaTeX Info: Redefining \ttfamily on input line 24.
Package polyglossia Info: Option: English, variant=american.
Package polyglossia Info: Option: English, variant=american.

[11]
LaTeX Info: Redefining \rmfamily on input line 45.
LaTeX Info: Redefining \sffamily on input line 45.
LaTeX Info: Redefining \ttfamily on input line 45.
Package polyglossia Info: Option: English, variant=american.
Package polyglossia Info: Option: English, variant=american.
LaTeX Info: Redefining \rmfamily on input line 46.
LaTeX Info: Redefining \sffamily on input line 46.
LaTeX Info: Redefining \ttfamily on input line 46.
Package polyglossia Info: Option: English, variant=american.
Package polyglossia Info: Option: English, variant=american.
LaTeX Info: Redefining \rmfamily on input line 62.
LaTeX Info: Redefining \sffamily on input line 62.
LaTeX Info: Redefining \ttfamily on input line 62.
Package polyglossia Info: Option: English, variant=american.
Package polyglossia Info: Option: English, variant=american.
LaTeX Info: Redefining \rmfamily on input line 63.
LaTeX Info: Redefining \sffamily on input line 63.
LaTeX Info: Redefining \ttfamily on input line 63.
Package polyglossia Info: Option: English, variant=american.
Package polyglossia Info: Option: English, variant=american.
)
\tf@toc=\write5
\openout5 = `main.toc'.

 [12]
 1.
(05-section.tex
LaTeX Info: Redefining \rmfamily on input line 2.
LaTeX Info: Redefining \sffamily on input line 2.
LaTeX Info: Redefining \ttfamily on input line 2.
) (06-section.tex

LaTeX Warning: No positions in optional float specifier.
               Default added (so using `tbp') on input line 7.

[13

]
LaTeX Info: Redefining \rmfamily on input line 29.
LaTeX Info: Redefining \sffamily on input line 29.
LaTeX Info: Redefining \ttfamily on input line 29.
File: figs/06/fig1.png Graphic file (type bmp)
<figs/06/fig1.png>
 [14]
LaTeX Info: Redefining \rmfamily on input line 42.
LaTeX Info: Redefining \sffamily on input line 42.
LaTeX Info: Redefining \ttfamily on input line 42.
LaTeX Info: Redefining \rmfamily on input line 51.
LaTeX Info: Redefining \sffamily on input line 51.
LaTeX Info: Redefining \ttfamily on input line 51.
 [15]
Package svg Info: Last page of `./svg-inkscape/fig06_2_svg-tex.pdf' is 1 on inp
ut line 59.
 (svg-inkscape/fig06_2_svg-tex.pdf_tex
File: ./svg-inkscape/fig06_2_svg-tex.pdf Graphic file (type pdf)
<use ./svg-inkscape/fig06_2_svg-tex.pdf, page 1>
)
File: figs/06/fig06_3.png Graphic file (type bmp)
<figs/06/fig06_3.png>


LaTeX Warning: `h' float specifier changed to `ht'.


Underfull \vbox (badness 10000) has occurred while \output is active []

 [16]

LaTeX Warning: No positions in optional float specifier.
               Default added (so using `tbp') on input line 94.


Overfull \hbox (8.96973pt too wide) in paragraph at lines 97--97
[][]\TU/SimplifiedArabic(1)/m/sl/10 []
 []


Overfull \hbox (11.95801pt too wide) in paragraph at lines 97--97
[]\TU/SimplifiedArabic(1)/m/sl/10 ()| []
 []


Overfull \hbox (8.11523pt too wide) in paragraph at lines 97--97
[][]\TU/SimplifiedArabic(1)/m/sl/10 []
 []


Overfull \hbox (5.06348pt too wide) in paragraph at lines 97--97
[]\TU/SimplifiedArabic(1)/m/sl/10 ()| []
 []


Overfull \hbox (4.08691pt too wide) in paragraph at lines 97--97
[][]\TU/SimplifiedArabic(1)/m/sl/10 []
 []


Overfull \hbox (14.08691pt too wide) in paragraph at lines 97--97
[]\TU/SimplifiedArabic(1)/m/sl/10 []
 []


Overfull \hbox (12.98828pt too wide) in paragraph at lines 97--97
[]\TU/SimplifiedArabic(1)/m/sl/10 ()| []
 []


Overfull \hbox (0.51758pt too wide) in paragraph at lines 98--98
[][]\TU/SimplifiedArabic(1)/m/sl/10 25| []
 []


Overfull \hbox (0.51758pt too wide) in paragraph at lines 99--99
[][]\TU/SimplifiedArabic(1)/m/sl/10 65| []
 []


Overfull \hbox (3.70605pt too wide) in paragraph at lines 99--99
[][]\TU/SimplifiedArabic(1)/m/sl/10 6.5| []
 []


Overfull \hbox (0.51758pt too wide) in paragraph at lines 100--100
[][]\TU/SimplifiedArabic(1)/m/sl/10 14| []
 []


Overfull \hbox (3.70605pt too wide) in paragraph at lines 100--100
[][]\TU/SimplifiedArabic(1)/m/sl/10 3.3| []
 []


Overfull \hbox (5.77637pt too wide) in paragraph at lines 101--101
[][]\TU/SimplifiedArabic(1)/m/sl/10 220| []
 []


Overfull \hbox (0.51758pt too wide) in paragraph at lines 101--101
[][]\TU/SimplifiedArabic(1)/m/sl/10 10| []
 []


Overfull \hbox (0.51758pt too wide) in paragraph at lines 102--102
[][]\TU/SimplifiedArabic(1)/m/sl/10 15| []
 []


Overfull \hbox (11.03516pt too wide) in paragraph at lines 103--103
[][]\TU/SimplifiedArabic(1)/m/sl/10 1200| []
 []


Overfull \hbox (0.51758pt too wide) in paragraph at lines 103--103
[][]\TU/SimplifiedArabic(1)/m/sl/10 75| []
 []


Overfull \hbox (0.51758pt too wide) in paragraph at lines 104--104
[][]\TU/SimplifiedArabic(1)/m/sl/10 17| []
 []


Overfull \hbox (2.86162pt too wide) in paragraph at lines 95--107
 [][][][] 
 []

) (07-section.tex [17]) (08-section.tex
LaTeX Info: Redefining \rmfamily on input line 1.
LaTeX Info: Redefining \sffamily on input line 1.
LaTeX Info: Redefining \ttfamily on input line 1.
File: 08-graph.pdf Graphic file (type pdf)
<use 08-graph.pdf>
) (09-section.tex) [18] [19] [20

]
 2.
(10-section.tex
File: figs/10/fig10_1.png Graphic file (type bmp)
<figs/10/fig10_1.png>


Package subcaption Warning: `subfigure' is treated as `subtable'
(subcaption)                 on input line 26.

File: figs/10/fig10_2.png Graphic file (type bmp)
<figs/10/fig10_2.png>

Package subcaption Warning: `subfigure' is treated as `subtable'
(subcaption)                 on input line 31.

File: figs/10/fig10_3.png Graphic file (type bmp)
<figs/10/fig10_3.png>
LaTeX Info: Redefining \rmfamily on input line 41.
LaTeX Info: Redefining \sffamily on input line 41.
LaTeX Info: Redefining \ttfamily on input line 41.
[21] [22]
Underfull \vbox (badness 4805) has occurred while \output is active []

 [23]

Package subcaption Warning: `subfigure' is treated as `subtable'
(subcaption)                 on input line 99.

Package svg Info: Last page of `./svg-inkscape/fig10_4_svg-tex.pdf' is 1 on inp
ut line 101.
(svg-inkscape/fig10_4_svg-tex.pdf_tex
File: ./svg-inkscape/fig10_4_svg-tex.pdf Graphic file (type pdf)
<use ./svg-inkscape/fig10_4_svg-tex.pdf, page 1>
)

Package subcaption Warning: `subfigure' is treated as `subtable'
(subcaption)                 on input line 104.

Package svg Info: Last page of `./svg-inkscape/fig10_5_svg-tex.pdf' is 1 on inp
ut line 106.
(svg-inkscape/fig10_5_svg-tex.pdf_tex
File: ./svg-inkscape/fig10_5_svg-tex.pdf Graphic file (type pdf)
<use ./svg-inkscape/fig10_5_svg-tex.pdf, page 1>
)) (10-section-2.tex
LaTeX Info: Redefining \rmfamily on input line 2.
LaTeX Info: Redefining \sffamily on input line 2.
LaTeX Info: Redefining \ttfamily on input line 2.
LaTeX Info: Redefining \rmfamily on input line 2.
LaTeX Info: Redefining \sffamily on input line 2.
LaTeX Info: Redefining \ttfamily on input line 2.
 [24]
Missing character: There is no  in font cmmi10!
LaTeX Info: Redefining \rmfamily on input line 30.
LaTeX Info: Redefining \sffamily on input line 30.
LaTeX Info: Redefining \ttfamily on input line 30.

LaTeX Font Warning: Font shape `TU/SimplifiedArabic(1)/m/it' undefined
(Font)              using `TU/SimplifiedArabic(1)/m/sl' instead on input line 6
5.


LaTeX Font Warning: Font shape `TU/SimplifiedArabic(1)/m/it' undefined
(Font)              using `TU/SimplifiedArabic(1)/m/sl' instead on input line 6
5.


LaTeX Font Warning: Font shape `TU/SimplifiedArabic(1)/m/it' undefined
(Font)              using `TU/SimplifiedArabic(1)/m/sl' instead on input line 6
5.


LaTeX Font Warning: Font shape `TU/SimplifiedArabic(1)/m/it' undefined
(Font)              using `TU/SimplifiedArabic(1)/m/sl' instead on input line 6
5.

)
Underfull \vbox (badness 10000) has occurred while \output is active []

 [25]
(11-section.tex
Underfull \vbox (badness 2512) has occurred while \output is active []

 [26]
Underfull \vbox (badness 10000) has occurred while \output is active []

 [27]
[28]
LaTeX Info: Redefining \rmfamily on input line 99.
LaTeX Info: Redefining \sffamily on input line 99.
LaTeX Info: Redefining \ttfamily on input line 99.
 (11-fig1.tex

Package subcaption Warning: `subfigure' is treated as `subtable'
(subcaption)                 on input line 6.

File: figs/11/fig1.png Graphic file (type bmp)
<figs/11/fig1.png>

Package subcaption Warning: `subfigure' is treated as `subtable'
(subcaption)                 on input line 7.

File: figs/11/fig2.png Graphic file (type bmp)
<figs/11/fig2.png>

Package subcaption Warning: `subfigure' is treated as `subtable'
(subcaption)                 on input line 9.

File: figs/11/fig3.png Graphic file (type bmp)
<figs/11/fig3.png>

Package subcaption Warning: `subfigure' is treated as `subtable'
(subcaption)                 on input line 10.

File: figs/11/fig4.png Graphic file (type bmp)
<figs/11/fig4.png>
) (11-section-2.tex
Underfull \vbox (badness 1067) has occurred while \output is active []

 [29]
LaTeX Info: Redefining \rmfamily on input line 16.
LaTeX Info: Redefining \sffamily on input line 16.
LaTeX Info: Redefining \ttfamily on input line 16.

(11-fig2.tex

Package subcaption Warning: `subfigure' is treated as `subtable'
(subcaption)                 on input line 6.

Package svg Info: Last page of `./svg-inkscape/fig5_svg-tex.pdf' is 1 on input 
line 8.
(svg-inkscape/fig5_svg-tex.pdf_tex
File: ./svg-inkscape/fig5_svg-tex.pdf Graphic file (type pdf)
<use ./svg-inkscape/fig5_svg-tex.pdf, page 1>
)

Package subcaption Warning: `subfigure' is treated as `subtable'
(subcaption)                 on input line 10.

Package svg Info: Last page of `./svg-inkscape/fig6_svg-tex.pdf' is 1 on input 
line 12.
(svg-inkscape/fig6_svg-tex.pdf_tex
File: ./svg-inkscape/fig6_svg-tex.pdf Graphic file (type pdf)
<use ./svg-inkscape/fig6_svg-tex.pdf, page 1>
)

Package subcaption Warning: `subfigure' is treated as `subtable'
(subcaption)                 on input line 14.

Package svg Info: Last page of `./svg-inkscape/fig7_svg-tex.pdf' is 1 on input 
line 16.
(svg-inkscape/fig7_svg-tex.pdf_tex
File: ./svg-inkscape/fig7_svg-tex.pdf Graphic file (type pdf)
<use ./svg-inkscape/fig7_svg-tex.pdf, page 1>
)

Package subcaption Warning: `subfigure' is treated as `subtable'
(subcaption)                 on input line 18.

Package svg Info: Last page of `./svg-inkscape/fig8_svg-tex.pdf' is 1 on input 
line 20.
(svg-inkscape/fig8_svg-tex.pdf_tex
File: ./svg-inkscape/fig8_svg-tex.pdf Graphic file (type pdf)
<use ./svg-inkscape/fig8_svg-tex.pdf, page 1>
)

Package subcaption Warning: `subfigure' is treated as `subtable'
(subcaption)                 on input line 22.

Package svg Info: Last page of `./svg-inkscape/fig9_svg-tex.pdf' is 1 on input 
line 24.
(svg-inkscape/fig9_svg-tex.pdf_tex
File: ./svg-inkscape/fig9_svg-tex.pdf Graphic file (type pdf)
<use ./svg-inkscape/fig9_svg-tex.pdf, page 1>
)

LaTeX Warning: Float too large for page by 143.75676pt on input line 29.

)
Package svg Info: Last page of `./svg-inkscape/square_map_svg-tex.pdf' is 1 on 
input line 26.
 (svg-inkscape/square_map_svg-tex.pdf_tex
File: ./svg-inkscape/square_map_svg-tex.pdf Graphic file (type pdf)
<use ./svg-inkscape/square_map_svg-tex.pdf, page 1>
)
Package svg Info: Last page of `./svg-inkscape/fig61_svg-tex.pdf' is 1 on input
 line 49.
 (svg-inkscape/fig61_svg-tex.pdf_tex
File: ./svg-inkscape/fig61_svg-tex.pdf Graphic file (type pdf)
<use ./svg-inkscape/fig61_svg-tex.pdf, page 1>
))) (12-section.tex [30] [31] [32]) (13-section.tex
Underfull \vbox (badness 5681) has occurred while \output is active []

 [33])
(14-section.tex [34] [35]
Package svg Info: Last page of `./svg-inkscape/fig1_svg-tex.pdf' is 1 on input 
line 82.
 (svg-inkscape/fig1_svg-tex.pdf_tex
File: ./svg-inkscape/fig1_svg-tex.pdf Graphic file (type pdf)
<use ./svg-inkscape/fig1_svg-tex.pdf, page 1>
)

LaTeX Warning: Float too large for page by 17.58597pt on input line 85.

) [36] [37] [38

]
 3.
(15-section-0.tex) (15-section-1.tex
File: figs/15/fig4.png Graphic file (type bmp)
<figs/15/fig4.png>


LaTeX Warning: `h' float specifier changed to `ht'.

) (15-section.tex
Underfull \vbox (badness 10000) has occurred while \output is active []

 [39]
[40] [41]
LaTeX Info: Redefining \rmfamily on input line 60.
LaTeX Info: Redefining \sffamily on input line 60.
LaTeX Info: Redefining \ttfamily on input line 60.


LaTeX Warning: `h' float specifier changed to `ht'.

[42] [43]
Package svg Info: Last page of `./svg-inkscape/fig15_1_svg-tex.pdf' is 1 on inp
ut line 121.
 (svg-inkscape/fig15_1_svg-tex.pdf_tex
File: ./svg-inkscape/fig15_1_svg-tex.pdf Graphic file (type pdf)
<use ./svg-inkscape/fig15_1_svg-tex.pdf, page 1>
)
File: figs/15/fig15_2.png Graphic file (type bmp)
<figs/15/fig15_2.png>


LaTeX Warning: `h' float specifier changed to `ht'.

File: figs/15/fig15_3.png Graphic file (type bmp)
<figs/15/fig15_3.png>

LaTeX Warning: `h' float specifier changed to `ht'.

[44]
Package svg Info: Last page of `./svg-inkscape/fig15_5_svg-tex.pdf' is 1 on inp
ut line 156.
 (svg-inkscape/fig15_5_svg-tex.pdf_tex
File: ./svg-inkscape/fig15_5_svg-tex.pdf Graphic file (type pdf)
<use ./svg-inkscape/fig15_5_svg-tex.pdf, page 1>
)
File: figs/15/fig15_6.png Graphic file (type bmp)
<figs/15/fig15_6.png>


LaTeX Warning: `h' float specifier changed to `ht'.

Package svg Info: Last page of `./svg-inkscape/fig_enc_svg-tex.pdf' is 3 on inp
ut line 181.
(svg-inkscape/fig_enc_svg-tex.pdf_tex
File: ./svg-inkscape/fig_enc_svg-tex.pdf Graphic file (type pdf)
<use ./svg-inkscape/fig_enc_svg-tex.pdf, page 1>
File: ./svg-inkscape/fig_enc_svg-tex.pdf Graphic file (type pdf)
<use ./svg-inkscape/fig_enc_svg-tex.pdf, page 2>
File: ./svg-inkscape/fig_enc_svg-tex.pdf Graphic file (type pdf)
<use ./svg-inkscape/fig_enc_svg-tex.pdf, page 3>
)
File: figs/15/fig15_enc2.png Graphic file (type bmp)
<figs/15/fig15_enc2.png>
File: figs/15/fig15_enc3.png Graphic file (type bmp)
<figs/15/fig15_enc3.png>
 [45] [46]
File: figs/15/fig15_enc4.png Graphic file (type bmp)
<figs/15/fig15_enc4.png>
) (16-section.tex
File: figs/16/fig16_1.png Graphic file (type bmp)
<figs/16/fig16_1.png>

Underfull \vbox (badness 10000) has occurred while \output is active []

 [47]
[48]
File: figs/16/fig16_2.png Graphic file (type bmp)
<figs/16/fig16_2.png>


Package hyperref Warning: Token not allowed in a PDF string (Unicode):
(hyperref)                removing `math shift' on input line 22.


Package hyperref Warning: Token not allowed in a PDF string (Unicode):
(hyperref)                removing `math shift' on input line 22.

File: figs/16/fig16_3.png Graphic file (type bmp)
<figs/16/fig16_3.png>
[49] [50]) (20-section.tex
File: figs/20/fig20_1.png Graphic file (type bmp)
<figs/20/fig20_1.png>
) (22-section.tex [51]) [52]
 4.
LaTeX Info: Redefining \rmfamily on input line 135.
LaTeX Info: Redefining \sffamily on input line 135.
LaTeX Info: Redefining \ttfamily on input line 135.
(main.bbl [53

] [54

]
Missing character: There is no ^^96 in font Times New Roman/OT:script=latn;lang
uage=dflt;!
[55] [56] [57]) [58] (main.lof
LaTeX Info: Redefining \rmfamily on input line 2.
LaTeX Info: Redefining \sffamily on input line 2.
LaTeX Info: Redefining \ttfamily on input line 2.
Package polyglossia Info: Option: English, variant=american.
Package polyglossia Info: Option: English, variant=american.
LaTeX Info: Redefining \rmfamily on input line 3.
LaTeX Info: Redefining \sffamily on input line 3.
LaTeX Info: Redefining \ttfamily on input line 3.
Package polyglossia Info: Option: English, variant=american.
Package polyglossia Info: Option: English, variant=american.
LaTeX Info: Redefining \rmfamily on input line 12.
LaTeX Info: Redefining \sffamily on input line 12.
LaTeX Info: Redefining \ttfamily on input line 12.
Package polyglossia Info: Option: English, variant=american.
Package polyglossia Info: Option: English, variant=american.
LaTeX Info: Redefining \rmfamily on input line 13.
LaTeX Info: Redefining \sffamily on input line 13.
LaTeX Info: Redefining \ttfamily on input line 13.
Package polyglossia Info: Option: English, variant=american.
Package polyglossia Info: Option: English, variant=american.
LaTeX Info: Redefining \rmfamily on input line 20.
LaTeX Info: Redefining \sffamily on input line 20.
LaTeX Info: Redefining \ttfamily on input line 20.
Package polyglossia Info: Option: English, variant=american.
Package polyglossia Info: Option: English, variant=american.
LaTeX Info: Redefining \rmfamily on input line 21.
LaTeX Info: Redefining \sffamily on input line 21.
LaTeX Info: Redefining \ttfamily on input line 21.
Package polyglossia Info: Option: English, variant=american.
Package polyglossia Info: Option: English, variant=american.
LaTeX Info: Redefining \rmfamily on input line 37.
LaTeX Info: Redefining \sffamily on input line 37.
LaTeX Info: Redefining \ttfamily on input line 37.
Package polyglossia Info: Option: English, variant=american.
Package polyglossia Info: Option: English, variant=american.
LaTeX Info: Redefining \rmfamily on input line 38.
LaTeX Info: Redefining \sffamily on input line 38.
LaTeX Info: Redefining \ttfamily on input line 38.
Package polyglossia Info: Option: English, variant=american.
Package polyglossia Info: Option: English, variant=american.
)
\tf@lof=\write6
\openout6 = `main.lof'.

 [59

] [60

] (main.lot
LaTeX Info: Redefining \rmfamily on input line 2.
LaTeX Info: Redefining \sffamily on input line 2.
LaTeX Info: Redefining \ttfamily on input line 2.
Package polyglossia Info: Option: English, variant=american.
Package polyglossia Info: Option: English, variant=american.
LaTeX Info: Redefining \rmfamily on input line 3.
LaTeX Info: Redefining \sffamily on input line 3.
LaTeX Info: Redefining \ttfamily on input line 3.
Package polyglossia Info: Option: English, variant=american.
Package polyglossia Info: Option: English, variant=american.
LaTeX Info: Redefining \rmfamily on input line 10.
LaTeX Info: Redefining \sffamily on input line 10.
LaTeX Info: Redefining \ttfamily on input line 10.
Package polyglossia Info: Option: English, variant=american.
Package polyglossia Info: Option: English, variant=american.
LaTeX Info: Redefining \rmfamily on input line 11.
LaTeX Info: Redefining \sffamily on input line 11.
LaTeX Info: Redefining \ttfamily on input line 11.
Package polyglossia Info: Option: English, variant=american.
Package polyglossia Info: Option: English, variant=american.
LaTeX Info: Redefining \rmfamily on input line 16.
LaTeX Info: Redefining \sffamily on input line 16.
LaTeX Info: Redefining \ttfamily on input line 16.
Package polyglossia Info: Option: English, variant=american.
Package polyglossia Info: Option: English, variant=american.
LaTeX Info: Redefining \rmfamily on input line 17.
LaTeX Info: Redefining \sffamily on input line 17.
LaTeX Info: Redefining \ttfamily on input line 17.
Package polyglossia Info: Option: English, variant=american.
Package polyglossia Info: Option: English, variant=american.
LaTeX Info: Redefining \rmfamily on input line 21.
LaTeX Info: Redefining \sffamily on input line 21.
LaTeX Info: Redefining \ttfamily on input line 21.
Package polyglossia Info: Option: English, variant=american.
Package polyglossia Info: Option: English, variant=american.
LaTeX Info: Redefining \rmfamily on input line 22.
LaTeX Info: Redefining \sffamily on input line 22.
LaTeX Info: Redefining \ttfamily on input line 22.
Package polyglossia Info: Option: English, variant=american.
Package polyglossia Info: Option: English, variant=american.
)
\tf@lot=\write7
\openout7 = `main.lot'.

 [61] [62

]
 5.
(00-avr_refman.tex
File: avr/refman.pdf Graphic file (type pdf)
<use avr/refman.pdf>
File: avr/refman.pdf Graphic file (type pdf)
<use avr/refman.pdf>
File: avr/refman.pdf Graphic file (type pdf)
<use avr/refman.pdf, page 1>
File: avr/refman.pdf Graphic file (type pdf)
<use avr/refman.pdf, page 1>
 [63]
File: avr/refman.pdf Graphic file (type pdf)
<use avr/refman.pdf, page 1>
File: avr/refman.pdf Graphic file (type pdf)
<use avr/refman.pdf, page 1>
File: avr/refman.pdf Graphic file (type pdf)
<use avr/refman.pdf, page 1>
 [64]
File: avr/refman.pdf Graphic file (type pdf)
<use avr/refman.pdf, page 2>
File: avr/refman.pdf Graphic file (type pdf)
<use avr/refman.pdf, page 2>
File: avr/refman.pdf Graphic file (type pdf)
<use avr/refman.pdf, page 2>
 [65]
File: avr/refman.pdf Graphic file (type pdf)
<use avr/refman.pdf, page 3>
File: avr/refman.pdf Graphic file (type pdf)
<use avr/refman.pdf, page 3>
File: avr/refman.pdf Graphic file (type pdf)
<use avr/refman.pdf, page 3>
 [66]
File: avr/refman.pdf Graphic file (type pdf)
<use avr/refman.pdf, page 4>
File: avr/refman.pdf Graphic file (type pdf)
<use avr/refman.pdf, page 4>
File: avr/refman.pdf Graphic file (type pdf)
<use avr/refman.pdf, page 4>
 [67]
File: avr/refman.pdf Graphic file (type pdf)
<use avr/refman.pdf, page 5>
File: avr/refman.pdf Graphic file (type pdf)
<use avr/refman.pdf, page 5>
File: avr/refman.pdf Graphic file (type pdf)
<use avr/refman.pdf, page 5>
 [68]
File: avr/refman.pdf Graphic file (type pdf)
<use avr/refman.pdf, page 6>
File: avr/refman.pdf Graphic file (type pdf)
<use avr/refman.pdf, page 6>
File: avr/refman.pdf Graphic file (type pdf)
<use avr/refman.pdf, page 6>
 [69]
File: avr/refman.pdf Graphic file (type pdf)
<use avr/refman.pdf, page 7>
File: avr/refman.pdf Graphic file (type pdf)
<use avr/refman.pdf, page 7>
File: avr/refman.pdf Graphic file (type pdf)
<use avr/refman.pdf, page 7>
 [70]
File: avr/refman.pdf Graphic file (type pdf)
<use avr/refman.pdf, page 8>
File: avr/refman.pdf Graphic file (type pdf)
<use avr/refman.pdf, page 8>
File: avr/refman.pdf Graphic file (type pdf)
<use avr/refman.pdf, page 8>
 [71]
File: avr/refman.pdf Graphic file (type pdf)
<use avr/refman.pdf, page 9>
File: avr/refman.pdf Graphic file (type pdf)
<use avr/refman.pdf, page 9>
File: avr/refman.pdf Graphic file (type pdf)
<use avr/refman.pdf, page 9>
 [72]
File: avr/refman.pdf Graphic file (type pdf)
<use avr/refman.pdf, page 10>
File: avr/refman.pdf Graphic file (type pdf)
<use avr/refman.pdf, page 10>
File: avr/refman.pdf Graphic file (type pdf)
<use avr/refman.pdf, page 10>
 [73]
File: avr/refman.pdf Graphic file (type pdf)
<use avr/refman.pdf, page 11>
File: avr/refman.pdf Graphic file (type pdf)
<use avr/refman.pdf, page 11>
File: avr/refman.pdf Graphic file (type pdf)
<use avr/refman.pdf, page 11>

[74]
File: avr/refman.pdf Graphic file (type pdf)
<use avr/refman.pdf, page 12>
File: avr/refman.pdf Graphic file (type pdf)
<use avr/refman.pdf, page 12>
File: avr/refman.pdf Graphic file (type pdf)
<use avr/refman.pdf, page 12>
 [75]
File: avr/refman.pdf Graphic file (type pdf)
<use avr/refman.pdf, page 13>
File: avr/refman.pdf Graphic file (type pdf)
<use avr/refman.pdf, page 13>
File: avr/refman.pdf Graphic file (type pdf)
<use avr/refman.pdf, page 13>
 [76]
File: avr/refman.pdf Graphic file (type pdf)
<use avr/refman.pdf, page 14>
File: avr/refman.pdf Graphic file (type pdf)
<use avr/refman.pdf, page 14>
File: avr/refman.pdf Graphic file (type pdf)
<use avr/refman.pdf, page 14>
 [77]
File: avr/refman.pdf Graphic file (type pdf)
<use avr/refman.pdf, page 15>
File: avr/refman.pdf Graphic file (type pdf)
<use avr/refman.pdf, page 15>
File: avr/refman.pdf Graphic file (type pdf)
<use avr/refman.pdf, page 15>
 [78]
File: avr/refman.pdf Graphic file (type pdf)
<use avr/refman.pdf, page 16>
File: avr/refman.pdf Graphic file (type pdf)
<use avr/refman.pdf, page 16>
File: avr/refman.pdf Graphic file (type pdf)
<use avr/refman.pdf, page 16>
 [79]
File: avr/refman.pdf Graphic file (type pdf)
<use avr/refman.pdf, page 17>
File: avr/refman.pdf Graphic file (type pdf)
<use avr/refman.pdf, page 17>
File: avr/refman.pdf Graphic file (type pdf)
<use avr/refman.pdf, page 17>
 [80]
File: avr/refman.pdf Graphic file (type pdf)
<use avr/refman.pdf, page 18>
File: avr/refman.pdf Graphic file (type pdf)
<use avr/refman.pdf, page 18>
File: avr/refman.pdf Graphic file (type pdf)
<use avr/refman.pdf, page 18>
 [81]
File: avr/refman.pdf Graphic file (type pdf)
<use avr/refman.pdf, page 19>
File: avr/refman.pdf Graphic file (type pdf)
<use avr/refman.pdf, page 19>
File: avr/refman.pdf Graphic file (type pdf)
<use avr/refman.pdf, page 19>
 [82]
File: avr/refman.pdf Graphic file (type pdf)
<use avr/refman.pdf, page 20>
File: avr/refman.pdf Graphic file (type pdf)
<use avr/refman.pdf, page 20>
File: avr/refman.pdf Graphic file (type pdf)
<use avr/refman.pdf, page 20>
 [83]
File: avr/refman.pdf Graphic file (type pdf)
<use avr/refman.pdf, page 21>
File: avr/refman.pdf Graphic file (type pdf)
<use avr/refman.pdf, page 21>
File: avr/refman.pdf Graphic file (type pdf)
<use avr/refman.pdf, page 21>
 [84]
File: avr/refman.pdf Graphic file (type pdf)
<use avr/refman.pdf, page 22>
File: avr/refman.pdf Graphic file (type pdf)
<use avr/refman.pdf, page 22>
File: avr/refman.pdf Graphic file (type pdf)
<use avr/refman.pdf, page 22>
 [85]
File: avr/refman.pdf Graphic file (type pdf)
<use avr/refman.pdf, page 23>
File: avr/refman.pdf Graphic file (type pdf)
<use avr/refman.pdf, page 23>
File: avr/refman.pdf Graphic file (type pdf)
<use avr/refman.pdf, page 23>
 [86]
File: avr/refman.pdf Graphic file (type pdf)
<use avr/refman.pdf, page 24>
File: avr/refman.pdf Graphic file (type pdf)
<use avr/refman.pdf, page 24>
File: avr/refman.pdf Graphic file (type pdf)
<use avr/refman.pdf, page 24>
 [87]
File: avr/refman.pdf Graphic file (type pdf)
<use avr/refman.pdf, page 25>
File: avr/refman.pdf Graphic file (type pdf)
<use avr/refman.pdf, page 25>
File: avr/refman.pdf Graphic file (type pdf)
<use avr/refman.pdf, page 25>
 [88]
File: avr/refman.pdf Graphic file (type pdf)
<use avr/refman.pdf, page 26>
File: avr/refman.pdf Graphic file (type pdf)
<use avr/refman.pdf, page 26>
File: avr/refman.pdf Graphic file (type pdf)
<use avr/refman.pdf, page 26>

[89]
File: avr/refman.pdf Graphic file (type pdf)
<use avr/refman.pdf, page 27>
File: avr/refman.pdf Graphic file (type pdf)
<use avr/refman.pdf, page 27>
File: avr/refman.pdf Graphic file (type pdf)
<use avr/refman.pdf, page 27>
 [90]
File: avr/refman.pdf Graphic file (type pdf)
<use avr/refman.pdf, page 28>
File: avr/refman.pdf Graphic file (type pdf)
<use avr/refman.pdf, page 28>
File: avr/refman.pdf Graphic file (type pdf)
<use avr/refman.pdf, page 28>
 [91]
File: avr/refman.pdf Graphic file (type pdf)
<use avr/refman.pdf, page 29>
File: avr/refman.pdf Graphic file (type pdf)
<use avr/refman.pdf, page 29>
File: avr/refman.pdf Graphic file (type pdf)
<use avr/refman.pdf, page 29>
 [92]
File: avr/refman.pdf Graphic file (type pdf)
<use avr/refman.pdf, page 30>
File: avr/refman.pdf Graphic file (type pdf)
<use avr/refman.pdf, page 30>
File: avr/refman.pdf Graphic file (type pdf)
<use avr/refman.pdf, page 30>
 [93]
File: avr/refman.pdf Graphic file (type pdf)
<use avr/refman.pdf, page 31>
File: avr/refman.pdf Graphic file (type pdf)
<use avr/refman.pdf, page 31>
File: avr/refman.pdf Graphic file (type pdf)
<use avr/refman.pdf, page 31>
 [94]
File: avr/refman.pdf Graphic file (type pdf)
<use avr/refman.pdf, page 32>
File: avr/refman.pdf Graphic file (type pdf)
<use avr/refman.pdf, page 32>
File: avr/refman.pdf Graphic file (type pdf)
<use avr/refman.pdf, page 32>
 [95]
File: avr/refman.pdf Graphic file (type pdf)
<use avr/refman.pdf, page 33>
File: avr/refman.pdf Graphic file (type pdf)
<use avr/refman.pdf, page 33>
File: avr/refman.pdf Graphic file (type pdf)
<use avr/refman.pdf, page 33>
 [96]
File: avr/refman.pdf Graphic file (type pdf)
<use avr/refman.pdf, page 34>
File: avr/refman.pdf Graphic file (type pdf)
<use avr/refman.pdf, page 34>
File: avr/refman.pdf Graphic file (type pdf)
<use avr/refman.pdf, page 34>
 [97]
File: avr/refman.pdf Graphic file (type pdf)
<use avr/refman.pdf, page 35>
File: avr/refman.pdf Graphic file (type pdf)
<use avr/refman.pdf, page 35>
File: avr/refman.pdf Graphic file (type pdf)
<use avr/refman.pdf, page 35>
 [98]
File: avr/refman.pdf Graphic file (type pdf)
<use avr/refman.pdf, page 36>
File: avr/refman.pdf Graphic file (type pdf)
<use avr/refman.pdf, page 36>
File: avr/refman.pdf Graphic file (type pdf)
<use avr/refman.pdf, page 36>
 [99]
File: avr/refman.pdf Graphic file (type pdf)
<use avr/refman.pdf, page 37>
File: avr/refman.pdf Graphic file (type pdf)
<use avr/refman.pdf, page 37>
File: avr/refman.pdf Graphic file (type pdf)
<use avr/refman.pdf, page 37>
 [100]
File: avr/refman.pdf Graphic file (type pdf)
<use avr/refman.pdf, page 38>
File: avr/refman.pdf Graphic file (type pdf)
<use avr/refman.pdf, page 38>
File: avr/refman.pdf Graphic file (type pdf)
<use avr/refman.pdf, page 38>
 [101]
File: avr/refman.pdf Graphic file (type pdf)
<use avr/refman.pdf, page 39>
File: avr/refman.pdf Graphic file (type pdf)
<use avr/refman.pdf, page 39>
File: avr/refman.pdf Graphic file (type pdf)
<use avr/refman.pdf, page 39>
 [102]
File: avr/refman.pdf Graphic file (type pdf)
<use avr/refman.pdf, page 40>
File: avr/refman.pdf Graphic file (type pdf)
<use avr/refman.pdf, page 40>
File: avr/refman.pdf Graphic file (type pdf)
<use avr/refman.pdf, page 40>

[103]
File: avr/refman.pdf Graphic file (type pdf)
<use avr/refman.pdf, page 41>
File: avr/refman.pdf Graphic file (type pdf)
<use avr/refman.pdf, page 41>
File: avr/refman.pdf Graphic file (type pdf)
<use avr/refman.pdf, page 41>
 [104]
File: avr/refman.pdf Graphic file (type pdf)
<use avr/refman.pdf, page 42>
File: avr/refman.pdf Graphic file (type pdf)
<use avr/refman.pdf, page 42>
File: avr/refman.pdf Graphic file (type pdf)
<use avr/refman.pdf, page 42>
 [105]
File: avr/refman.pdf Graphic file (type pdf)
<use avr/refman.pdf, page 43>
File: avr/refman.pdf Graphic file (type pdf)
<use avr/refman.pdf, page 43>
File: avr/refman.pdf Graphic file (type pdf)
<use avr/refman.pdf, page 43>
 [106]
File: avr/refman.pdf Graphic file (type pdf)
<use avr/refman.pdf, page 44>
File: avr/refman.pdf Graphic file (type pdf)
<use avr/refman.pdf, page 44>
File: avr/refman.pdf Graphic file (type pdf)
<use avr/refman.pdf, page 44>
 [107]
File: avr/refman.pdf Graphic file (type pdf)
<use avr/refman.pdf, page 45>
File: avr/refman.pdf Graphic file (type pdf)
<use avr/refman.pdf, page 45>
File: avr/refman.pdf Graphic file (type pdf)
<use avr/refman.pdf, page 45>
 [108]
File: avr/refman.pdf Graphic file (type pdf)
<use avr/refman.pdf, page 46>
File: avr/refman.pdf Graphic file (type pdf)
<use avr/refman.pdf, page 46>
File: avr/refman.pdf Graphic file (type pdf)
<use avr/refman.pdf, page 46>
 [109]
File: avr/refman.pdf Graphic file (type pdf)
<use avr/refman.pdf, page 47>
File: avr/refman.pdf Graphic file (type pdf)
<use avr/refman.pdf, page 47>
File: avr/refman.pdf Graphic file (type pdf)
<use avr/refman.pdf, page 47>
 [110]
File: avr/refman.pdf Graphic file (type pdf)
<use avr/refman.pdf, page 48>
File: avr/refman.pdf Graphic file (type pdf)
<use avr/refman.pdf, page 48>
File: avr/refman.pdf Graphic file (type pdf)
<use avr/refman.pdf, page 48>
 [111])
The property list \polyglossia@langsetup contains the pairs (without outer
braces):
>  {latex/script}  =>  {latin}
>  {latex/lcscript}  =>  {latin}
>  {latex/scripttag}  =>  {}
>  {latex/language}  =>  {Latex}
>  {latex/langtag}  =>  {}
>  {latex/bcp47}  =>  {}
>  {latex/hyphennames}  =>  {latex}
>  {latex/direction}  =>  {LR}
>  {latex/hyphenmins}  =>  {2,3}
>  {latex/frenchspacing}  =>  {false}
>  {latex/indentfirst}  =>  {false}
>  {latex/fontsetup}  =>  {true}
>  {latex/envname}  =>  {latex}
>  {latex/babelname}  =>  {latex}
>  {latex/localnumeral}  =>  {polyglossia@C@localnumeral}
>  {latex/Localnumeral}  =>  {polyglossia@C@localnumeral}
>  {latex/DefineCommandsCmd}  =>  {xpg_define_language_commands:e}
>  {arabic/script}  =>  {Arabic}
>  {arabic/lcscript}  =>  {arabic}
>  {arabic/scripttag}  =>  {arab}
>  {arabic/language}  =>  {Arabic}
>  {arabic/langtag}  =>  {ARA}
>  {arabic/bcp47}  =>  {ar}
>  {arabic/hyphennames}  =>  {nohyphenation}
>  {arabic/direction}  =>  {RL}
>  {arabic/hyphenmins}  =>  {2,3}
>  {arabic/frenchspacing}  =>  {false}
>  {arabic/indentfirst}  =>  {false}
>  {arabic/fontsetup}  =>  {true}
>  {arabic/envname}  =>  {Arabic}
>  {arabic/babelname}  =>  {arabic}
>  {arabic/localnumeral}  =>  {arabicnumerals}
>  {arabic/Localnumeral}  =>  {arabicnumerals}
>  {arabic/DefineCommandsCmd}  =>  {xpg_define_language_commands:e}
>  {english/script}  =>  {latin}
>  {english/lcscript}  =>  {latin}
>  {english/scripttag}  =>  {}
>  {english/language}  =>  {English}
>  {english/langtag}  =>  {ENG}
>  {english/bcp47}  =>  {en-US}
>  {english/hyphennames}  =>  {english,american,usenglish,USenglish}
>  {english/direction}  =>  {LR}
>  {english/hyphenmins}  =>  {2,3}
>  {english/frenchspacing}  =>  {false}
>  {english/indentfirst}  =>  {false}
>  {english/fontsetup}  =>  {true}
>  {english/envname}  =>  {english}
>  {english/babelname}  =>  {american}
>  {english/localnumeral}  =>  {polyglossia@C@localnumeral}
>  {english/Localnumeral}  =>  {polyglossia@C@localnumeral}
>  {english/DefineCommandsCmd}  =>  {xpg_define_language_commands:e}.
The property list \__xpg_alias contains the pairs (without outer braces):
>  {latex/target}  =>  {latex}
>  {arabic/target}  =>  {arabic}
>  {ar/target}  =>  {arabic}
>  {ar-IQ/target}  =>  {arabic}
>  {ar-IQ/options}  =>  {locale=mashriq}
>  {ar-YE/target}  =>  {arabic}
>  {ar-YE/options}  =>  {locale=default}
>  {ar-LB/target}  =>  {arabic}
>  {ar-LB/options}  =>  {locale=mashriq}
>  {ar-JO/target}  =>  {arabic}
>  {ar-JO/options}  =>  {locale=mashriq}
>  {afb/target}  =>  {arabic}
>  {afb/options}  =>  {locale=default}
>  {ar-MR/target}  =>  {arabic}
>  {ar-MR/options}  =>  {locale=mauritania}
>  {arz/target}  =>  {arabic}
>  {arz/options}  =>  {locale=default}
>  {ary/target}  =>  {arabic}
>  {ary/options}  =>  {locale=morocco}
>  {arq/target}  =>  {arabic}
>  {arq/options}  =>  {locale=algeria}
>  {aeb/target}  =>  {arabic}
>  {aeb/options}  =>  {locale=tunisia}
>  {ar-SY/target}  =>  {arabic}
>  {ar-SY/options}  =>  {locale=mashriq}
>  {ayl/target}  =>  {arabic}
>  {ayl/options}  =>  {locale=libya}
>  {apd/target}  =>  {arabic}
>  {apd/options}  =>  {locale=default}
>  {ar-PS/target}  =>  {arabic}
>  {ar-PS/options}  =>  {locale=mashriq}
>  {english/target}  =>  {english}
>  {en/target}  =>  {english}
>  {en/bcp47}  =>  {en}
>  {en/options}  =>  {bcp47=en}
>  {en-AU/target}  =>  {en}
>  {en-AU/variant}  =>  {australian}
>  {en-AU/bcp47}  =>  {en-AU}
>  {en-AU/babelname}  =>  {australian}
>  {en-AU/options}  =>  {variant=australian,babelname=autralian,bcp47=en-AU}
>  {en-CA/target}  =>  {en}
>  {en-CA/variant}  =>  {canadian}
>  {en-CA/bcp47}  =>  {en-CA}
>  {en-CA/babelname}  =>  {canadian}
>  {en-CA/options}  =>  {variant=canadian,babelname=canadian,bcp47=en-CA}
>  {en-GB/target}  =>  {en}
>  {en-GB/variant}  =>  {british}
>  {en-GB/bcp47}  =>  {en-NZ}
>  {en-GB/babelname}  =>  {british}
>  {en-GB/options}  =>  {variant=british,babelname=british,bcp47=en-NZ}
>  {en-NZ/target}  =>  {en}
>  {en-NZ/variant}  =>  {newzealand}
>  {en-NZ/bcp47}  =>  {en-NZ}
>  {en-NZ/babelname}  =>  {newzealand}
>  {en-NZ/options}  =>  {variant=newzealand,babelname=newzealand,bcp47=en-NZ}
>  {en-US/target}  =>  {en}
>  {en-US/variant}  =>  {us}
>  {en-US/bcp47}  =>  {en-US}
>  {en-US/babelname}  =>  {us}
>  {en-US/options}  =>  {variant=us,babelname=american,bcp47=en-US}
>  {american/target}  =>  {en-US}
>  {american/variant}  =>  {us}
>  {american/options}  =>  {variant=us}
>  {australian/target}  =>  {en-AU}
>  {australian/variant}  =>  {australian}
>  {australian/options}  =>  {variant=australian}
>  {british/target}  =>  {en-GB}
>  {british/variant}  =>  {british}
>  {british/options}  =>  {variant=british}
>  {canadian/target}  =>  {en-CA}
>  {canadian/variant}  =>  {canadian}
>  {canadian/options}  =>  {variant=canadian}
>  {newzealand/target}  =>  {en-NZ}
>  {newzealand/variant}  =>  {newzealand}
>  {newzealand/options}  =>  {variant=newzealand}.
 (main.aux
LaTeX Info: Redefining \rmfamily on input line 25.
LaTeX Info: Redefining \sffamily on input line 25.
LaTeX Info: Redefining \ttfamily on input line 25.
Package polyglossia Info: Option: English, variant=american.
Package polyglossia Info: Option: English, variant=american.
LaTeX Info: Redefining \rmfamily on input line 29.
LaTeX Info: Redefining \sffamily on input line 29.
LaTeX Info: Redefining \ttfamily on input line 29.
Package polyglossia Info: Option: English, variant=american.
Package polyglossia Info: Option: English, variant=american.
LaTeX Info: Redefining \rmfamily on input line 125.
LaTeX Info: Redefining \sffamily on input line 125.
LaTeX Info: Redefining \ttfamily on input line 125.
Package polyglossia Info: Option: English, variant=american.
Package polyglossia Info: Option: English, variant=american.
LaTeX Info: Redefining \rmfamily on input line 130.
LaTeX Info: Redefining \sffamily on input line 130.
LaTeX Info: Redefining \ttfamily on input line 130.
Package polyglossia Info: Option: English, variant=american.
Package polyglossia Info: Option: English, variant=american.
LaTeX Info: Redefining \rmfamily on input line 187.
LaTeX Info: Redefining \sffamily on input line 187.
LaTeX Info: Redefining \ttfamily on input line 187.
Package polyglossia Info: Option: English, variant=american.
Package polyglossia Info: Option: English, variant=american.
LaTeX Info: Redefining \rmfamily on input line 188.
LaTeX Info: Redefining \sffamily on input line 188.
LaTeX Info: Redefining \ttfamily on input line 188.
Package polyglossia Info: Option: English, variant=american.
Package polyglossia Info: Option: English, variant=american.
LaTeX Info: Redefining \rmfamily on input line 243.
LaTeX Info: Redefining \sffamily on input line 243.
LaTeX Info: Redefining \ttfamily on input line 243.
Package polyglossia Info: Option: English, variant=american.
Package polyglossia Info: Option: English, variant=american.
LaTeX Info: Redefining \rmfamily on input line 281.
LaTeX Info: Redefining \sffamily on input line 281.
LaTeX Info: Redefining \ttfamily on input line 281.
Package polyglossia Info: Option: English, variant=american.
Package polyglossia Info: Option: English, variant=american.
)

LaTeX Font Warning: Some font shapes were not available, defaults substituted.

Package rerunfilecheck Info: File `main.out' has not changed.
(rerunfilecheck)             Checksum: F962CD85B5F047FCD079257F461B870E;8825.
 ) 
Here is how much of TeX's memory you used:
 22942 strings out of 410963
 451579 string characters out of 2823652
 893648 words of memory out of 3000000
 43110 multiletter control sequences out of 15000+600000
 476315 words of font info for 99 fonts, out of 8000000 for 9000
 1348 hyphenation exceptions out of 8191
 94i,19n,92p,1287b,987s stack positions out of 10000i,1000n,20000p,200000b,80000s

Output written on main.pdf (111 pages).
