Removed Pin From Net: NetName=Vss Pin=C1-1
Removed Pin From Net: NetName=GND Pin=C1-2
Removed Member From Class: ClassName=Motors_Sheet Member=C1
Added Component: Designator=C(CAP_8115)
Add component (AddParameter): Name = "Value"; Value = "220uF"; VariantName = "[No Variations]"
Added Component: Designator=j1(pin6headerF)
Added Component: Designator=j3(pin6headerF)
Added Pin To Net: NetName=GND Pin=C-neg
Added Pin To Net: NetName=Vss Pin=C-pos
Added Pin To Net: NetName=+5 Pin=j1-1
Added Pin To Net: NetName=GND Pin=j1-4
Added Pin To Net: NetName=GND Pin=j1-5
Added Pin To Net: NetName=GND Pin=j1-6
Added Pin To Net: NetName=+5 Pin=j3-1
Added Pin To Net: NetName=+5 Pin=j3-2
Added Pin To Net: NetName=+5 Pin=j3-3
Added Pin To Net: NetName=GND Pin=j3-6
Added Member To Class: ClassName=Motors_Sheet Member=Component C cap_elec8115
Added Member To Class: ClassName=connection_Sheet Member=Component j1 100th
Added Member To Class: ClassName=connection_Sheet Member=Component j3 100th
