Removed Pin From Net: NetName=B+ Pin=Battery-2
Removed Member From Class: ClassName=Power_Sheet Member=Battery
Added Component: Designator=BTR(JST_B2B)
Added Component: Designator=j1(pin6headerF)
Added Component: Designator=j3(pin6headerF)
Added Pin To Net: NetName=B+ Pin=BTR-1
Added Pin To Net: NetName=+5 Pin=j1-1
Added Pin To Net: NetName=GND Pin=j1-4
Added Pin To Net: NetName=GND Pin=j1-5
Added Pin To Net: NetName=GND Pin=j1-6
Added Pin To Net: NetName=+5 Pin=j3-1
Added Pin To Net: NetName=+5 Pin=j3-2
Added Pin To Net: NetName=+5 Pin=j3-3
Added Pin To Net: NetName=GND Pin=j3-6
Added Pin To Net: NetName=NetBTR_2 Pin=BTR-2
Added Pin To Net: NetName=NetBTR_2 Pin=CH-B-
Added Pin To Net: NetName=NetBTR_2 Pin=Con-B-
Added Net: Name=NetBTR_2
Added Member To Class: ClassName=Power_Sheet Member=Component BTR JST_B2B
Added Member To Class: ClassName=connection_Sheet Member=Component j1 100th
Added Member To Class: ClassName=connection_Sheet Member=Component j3 100th
