Removed Pin From Net: NetName=B+ Pin=j2-5
Change Component Footprint: Designator=j2 Old Footprint=pin6headerF New Footprint=pin6header
Change Component Footprint: Designator=j4 Old Footprint=pin6headerF New Footprint=pin6header
Change Component Footprint: Designator=j5 Old Footprint=pin6headerF New Footprint=pin6header
Change Component Footprint: Designator=j6 Old Footprint=pin6headerF New Footprint=pin6header
Change Component Footprint: Designator=j7 Old Footprint=pin6headerF New Footprint=pin6header
Change Component Footprint: Designator=j8 Old Footprint=pin6headerF New Footprint=pin6header
Added Component: Designator=CH(1S_Charger)
Added Pin To Net: NetName=B+ Pin=CH-B+
Added Pin To Net: NetName=NetBTR_2 Pin=CH-B-
Added Pin To Net: NetName=GND Pin=CH-GND
Added Pin To Net: NetName=+5 Pin=CH-Vout
Added Pin To Net: NetName=B+ Pin=j7-3
Change Net Name : Old Net Name=ENA New Net Name=Netj4_3
Change Net Name : Old Net Name=ENB New Net Name=Netj4_4
Change Net Name : Old Net Name=OC1A New Net Name=Netj6_3
Change Net Name : Old Net Name=OC1B New Net Name=Netj6_4
Change Net Name : Old Net Name=SENSA New Net Name=Netj7_1
Change Net Name : Old Net Name=SENSB New Net Name=Netj7_2
Added Pin To Net: NetName=Netj4_2 Pin=j4-2
Added Pin To Net: NetName=Netj4_2 Pin=j6-2
Added Net: Name=Netj4_2
Added Pin To Net: NetName=Netj5_3 Pin=j5-3
Added Pin To Net: NetName=Netj5_3 Pin=j8-1
Added Net: Name=Netj5_3
Added Pin To Net: NetName=Netj5_6 Pin=j5-6
Added Pin To Net: NetName=Netj5_6 Pin=L298-12
Added Net: Name=Netj5_6
Added Pin To Net: NetName=Netj6_1 Pin=j6-1
Added Pin To Net: NetName=Netj6_1 Pin=L298-7
Added Net: Name=Netj6_1
Added Member To Class: ClassName=Power_Sheet Member=Component CH charger
