Removed Pin From Net: NetName=NetPWR_A Pin=RPWR-1
Removed Pin From Net: NetName=+5 Pin=RPWR-2
Removed Member From Class: ClassName=Power_Sheet Member=RPWR
Change component parameters: Designator = "j2" ("j2"); Footprint = "pin6headerF"; UniqueID = "\NIYHWNAD" ("\NIYHWNAD")
Change component parameters (AddParameter): Name = "System"; Value = "Connector"; VariantName = "[No Variations]"
Change component parameters: Designator = "j4" ("j4"); Footprint = "pin6headerF"; UniqueID = "\ADWCPXRF" ("\ADWCPXRF")
Change component parameters (AddParameter): Name = "System"; Value = "Connector"; VariantName = "[No Variations]"
Change component parameters: Designator = "j5" ("j5"); Footprint = "pin6headerF"; UniqueID = "\IFFDCWEM" ("\IFFDCWEM")
Change component parameters (AddParameter): Name = "System"; Value = "Connector"; VariantName = "[No Variations]"
Change component parameters: Designator = "j6" ("j6"); Footprint = "pin6headerF"; UniqueID = "\HIQLVYMP" ("\HIQLVYMP")
Change component parameters (AddParameter): Name = "System"; Value = "Connector"; VariantName = "[No Variations]"
Change component parameters: Designator = "j7" ("j7"); Footprint = "pin6headerF"; UniqueID = "\BXKWJJJU" ("\BXKWJJJU")
Change component parameters (AddParameter): Name = "System"; Value = "Connector"; VariantName = "[No Variations]"
Change component parameters: Designator = "j8" ("j8"); Footprint = "pin6headerF"; UniqueID = "\EDJUXKOI" ("\EDJUXKOI")
Change component parameters (AddParameter): Name = "System"; Value = "Connector"; VariantName = "[No Variations]"
Added Component: Designator=?????(1206)
Add component (AddParameter): Name = "Value"; Value = "220"; VariantName = "[No Variations]"
Added Pin To Net: NetName=NetPWR_A Pin=?????-1
Added Pin To Net: NetName=+5 Pin=?????-2
Added Member To Class: ClassName=Power_Sheet Member=Component ????? 1206
