Added Component: Designator=Battery(JST_B2B-PH-K-S(LF)(SN))
Add component (AddParameter): Name = "Availability"; Value = "Unavailable"; VariantName = "[No Variations]"
Add component (AddParameter): Name = "MF"; Value = "JST Sales"; VariantName = "[No Variations]"
Add component (AddParameter): Name = "MP"; Value = "B2B-PH-K-S_LF__SN_"; VariantName = "[No Variations]"
Add component (AddParameter): Name = "Package"; Value = "None"; VariantName = "[No Variations]"
Add component (AddParameter): Name = "Price"; Value = "None"; VariantName = "[No Variations]"
Add component (AddParameter): Name = "SnapEDA_Link"; Value = "https://www.snapeda.com/parts/B2B-PH-K-S%28LF%29%28SN%29/JST%20Sales%20America%20Inc./view-part/424103/?ref=snap"; VariantName = "[No Variations]"
Add component (AddParameter): Name = "Value"; Value = ""; VariantName = "[No Variations]"
Added Component: Designator=C1(CAPPRD350W60D850H1250)
Add component (AddParameter): Name = "Arrow_Electronics-Purchase-URL"; Value = "https://snapeda.com/shop?store=Arrow+Electronics&id=555021"; VariantName = "[No Variations]"
Add component (AddParameter): Name = "Availability"; Value = "Good"; VariantName = "[No Variations]"
Add component (AddParameter): Name = "DigiKey-Purchase-URL"; Value = "https://snapeda.com/shop?store=DigiKey&id=555021"; VariantName = "[No Variations]"
Add component (AddParameter): Name = "MF"; Value = "Panasonic"; VariantName = "[No Variations]"
Add component (AddParameter): Name = "Mouser-Purchase-URL"; Value = "https://snapeda.com/shop?store=Mouser&id=555021"; VariantName = "[No Variations]"
Add component (AddParameter): Name = "MP"; Value = "ECA-1VM221"; VariantName = "[No Variations]"
Add component (AddParameter): Name = "Package"; Value = "Radial Panasonic"; VariantName = "[No Variations]"
Add component (AddParameter): Name = "Price"; Value = "None"; VariantName = "[No Variations]"
Add component (AddParameter): Name = "SnapEDA_Link"; Value = "https://www.snapeda.com/parts/ECA-1VM221/Panasonic/view-part/555021/?ref=snap"; VariantName = "[No Variations]"
Add component (AddParameter): Name = "Value"; Value = ""; VariantName = "[No Variations]"
Added Component: Designator=Con(DC-DC Conv)
Added Component: Designator=D1(DIOM5227X270N)
Add component (AddParameter): Name = "Availability"; Value = "Unavailable"; VariantName = "[No Variations]"
Add component (AddParameter): Name = "MF"; Value = "ON Semiconductor"; VariantName = "[No Variations]"
Add component (AddParameter): Name = "MP"; Value = "S1M"; VariantName = "[No Variations]"
Add component (AddParameter): Name = "Package"; Value = "DO-214AC-214 ON Semiconductor"; VariantName = "[No Variations]"
Add component (AddParameter): Name = "Price"; Value = "None"; VariantName = "[No Variations]"
Add component (AddParameter): Name = "SnapEDA_Link"; Value = "https://www.snapeda.com/parts/S1M/ON%20Semiconductor/view-part/1653505/?ref=snap"; VariantName = "[No Variations]"
Add component (AddParameter): Name = "Value"; Value = ""; VariantName = "[No Variations]"
Added Component: Designator=D2(DIOM5227X270N)
Add component (AddParameter): Name = "Availability"; Value = "Unavailable"; VariantName = "[No Variations]"
Add component (AddParameter): Name = "MF"; Value = "ON Semiconductor"; VariantName = "[No Variations]"
Add component (AddParameter): Name = "MP"; Value = "S1M"; VariantName = "[No Variations]"
Add component (AddParameter): Name = "Package"; Value = "DO-214AC-214 ON Semiconductor"; VariantName = "[No Variations]"
Add component (AddParameter): Name = "Price"; Value = "None"; VariantName = "[No Variations]"
Add component (AddParameter): Name = "SnapEDA_Link"; Value = "https://www.snapeda.com/parts/S1M/ON%20Semiconductor/view-part/1653505/?ref=snap"; VariantName = "[No Variations]"
Add component (AddParameter): Name = "Value"; Value = ""; VariantName = "[No Variations]"
Added Component: Designator=D3(DIOM5227X270N)
Add component (AddParameter): Name = "Availability"; Value = "Unavailable"; VariantName = "[No Variations]"
Add component (AddParameter): Name = "MF"; Value = "ON Semiconductor"; VariantName = "[No Variations]"
Add component (AddParameter): Name = "MP"; Value = "S1M"; VariantName = "[No Variations]"
Add component (AddParameter): Name = "Package"; Value = "DO-214AC-214 ON Semiconductor"; VariantName = "[No Variations]"
Add component (AddParameter): Name = "Price"; Value = "None"; VariantName = "[No Variations]"
Add component (AddParameter): Name = "SnapEDA_Link"; Value = "https://www.snapeda.com/parts/S1M/ON%20Semiconductor/view-part/1653505/?ref=snap"; VariantName = "[No Variations]"
Add component (AddParameter): Name = "Value"; Value = ""; VariantName = "[No Variations]"
Added Component: Designator=D4(DIOM5227X270N)
Add component (AddParameter): Name = "Availability"; Value = "Unavailable"; VariantName = "[No Variations]"
Add component (AddParameter): Name = "MF"; Value = "ON Semiconductor"; VariantName = "[No Variations]"
Add component (AddParameter): Name = "MP"; Value = "S1M"; VariantName = "[No Variations]"
Add component (AddParameter): Name = "Package"; Value = "DO-214AC-214 ON Semiconductor"; VariantName = "[No Variations]"
Add component (AddParameter): Name = "Price"; Value = "None"; VariantName = "[No Variations]"
Add component (AddParameter): Name = "SnapEDA_Link"; Value = "https://www.snapeda.com/parts/S1M/ON%20Semiconductor/view-part/1653505/?ref=snap"; VariantName = "[No Variations]"
Add component (AddParameter): Name = "Value"; Value = ""; VariantName = "[No Variations]"
Added Component: Designator=D5(DIOM5227X270N)
Add component (AddParameter): Name = "Availability"; Value = "Unavailable"; VariantName = "[No Variations]"
Add component (AddParameter): Name = "MF"; Value = "ON Semiconductor"; VariantName = "[No Variations]"
Add component (AddParameter): Name = "MP"; Value = "S1M"; VariantName = "[No Variations]"
Add component (AddParameter): Name = "Package"; Value = "DO-214AC-214 ON Semiconductor"; VariantName = "[No Variations]"
Add component (AddParameter): Name = "Price"; Value = "None"; VariantName = "[No Variations]"
Add component (AddParameter): Name = "SnapEDA_Link"; Value = "https://www.snapeda.com/parts/S1M/ON%20Semiconductor/view-part/1653505/?ref=snap"; VariantName = "[No Variations]"
Add component (AddParameter): Name = "Value"; Value = ""; VariantName = "[No Variations]"
Added Component: Designator=D6(DIOM5227X270N)
Add component (AddParameter): Name = "Availability"; Value = "Unavailable"; VariantName = "[No Variations]"
Add component (AddParameter): Name = "MF"; Value = "ON Semiconductor"; VariantName = "[No Variations]"
Add component (AddParameter): Name = "MP"; Value = "S1M"; VariantName = "[No Variations]"
Add component (AddParameter): Name = "Package"; Value = "DO-214AC-214 ON Semiconductor"; VariantName = "[No Variations]"
Add component (AddParameter): Name = "Price"; Value = "None"; VariantName = "[No Variations]"
Add component (AddParameter): Name = "SnapEDA_Link"; Value = "https://www.snapeda.com/parts/S1M/ON%20Semiconductor/view-part/1653505/?ref=snap"; VariantName = "[No Variations]"
Add component (AddParameter): Name = "Value"; Value = ""; VariantName = "[No Variations]"
Added Component: Designator=D7(DIOM5227X270N)
Add component (AddParameter): Name = "Availability"; Value = "Unavailable"; VariantName = "[No Variations]"
Add component (AddParameter): Name = "MF"; Value = "ON Semiconductor"; VariantName = "[No Variations]"
Add component (AddParameter): Name = "MP"; Value = "S1M"; VariantName = "[No Variations]"
Add component (AddParameter): Name = "Package"; Value = "DO-214AC-214 ON Semiconductor"; VariantName = "[No Variations]"
Add component (AddParameter): Name = "Price"; Value = "None"; VariantName = "[No Variations]"
Add component (AddParameter): Name = "SnapEDA_Link"; Value = "https://www.snapeda.com/parts/S1M/ON%20Semiconductor/view-part/1653505/?ref=snap"; VariantName = "[No Variations]"
Add component (AddParameter): Name = "Value"; Value = ""; VariantName = "[No Variations]"
Added Component: Designator=D8(DIOM5227X270N)
Add component (AddParameter): Name = "Availability"; Value = "Unavailable"; VariantName = "[No Variations]"
Add component (AddParameter): Name = "MF"; Value = "ON Semiconductor"; VariantName = "[No Variations]"
Add component (AddParameter): Name = "MP"; Value = "S1M"; VariantName = "[No Variations]"
Add component (AddParameter): Name = "Package"; Value = "DO-214AC-214 ON Semiconductor"; VariantName = "[No Variations]"
Add component (AddParameter): Name = "Price"; Value = "None"; VariantName = "[No Variations]"
Add component (AddParameter): Name = "SnapEDA_Link"; Value = "https://www.snapeda.com/parts/S1M/ON%20Semiconductor/view-part/1653505/?ref=snap"; VariantName = "[No Variations]"
Add component (AddParameter): Name = "Value"; Value = ""; VariantName = "[No Variations]"
Added Component: Designator=L298(TO127P2020X500X2100-15)
Add component (AddParameter): Name = "Availability"; Value = "Unavailable"; VariantName = "[No Variations]"
Add component (AddParameter): Name = "MF"; Value = "STMicroelectronics"; VariantName = "[No Variations]"
Add component (AddParameter): Name = "MP"; Value = "L298N"; VariantName = "[No Variations]"
Add component (AddParameter): Name = "Package"; Value = "Multiwatt-15 STMicroelectronics"; VariantName = "[No Variations]"
Add component (AddParameter): Name = "Price"; Value = "None"; VariantName = "[No Variations]"
Add component (AddParameter): Name = "SnapEDA_Link"; Value = "https://www.snapeda.com/parts/L298N/STMicroelectronics/view-part/294022/?ref=snap"; VariantName = "[No Variations]"
Add component (AddParameter): Name = "Value"; Value = ""; VariantName = "[No Variations]"
Added Component: Designator=M1(PCBComponent_1)
Added Component: Designator=M2(PCBComponent_1)
Added Pin To Net: NetName=+5 Pin=j1-1
Added Pin To Net: NetName=+5 Pin=j3-1
Added Pin To Net: NetName=+5 Pin=j3-2
Added Pin To Net: NetName=+5 Pin=j3-3
Added Pin To Net: NetName=+5 Pin=j5-1
Added Pin To Net: NetName=+5 Pin=j5-2
Added Pin To Net: NetName=+5 Pin=j6-5
Added Pin To Net: NetName=+5 Pin=j6-6
Added Pin To Net: NetName=+5 Pin=j7-5
Added Pin To Net: NetName=+5 Pin=j7-6
Added Pin To Net: NetName=+5 Pin=j8-3
Added Pin To Net: NetName=+5 Pin=j8-4
Added Pin To Net: NetName=+5 Pin=j8-5
Added Pin To Net: NetName=+5 Pin=j8-6
Added Pin To Net: NetName=+5 Pin=L298-4
Added Pin To Net: NetName=+5 Pin=M1-3
Added Pin To Net: NetName=+5 Pin=M2-3
Added Net: Name=+5
Added Pin To Net: NetName=B+ Pin=Battery-2
Added Pin To Net: NetName=B+ Pin=Con-B+
Added Pin To Net: NetName=B+ Pin=j2-5
Added Net: Name=B+
Added Pin To Net: NetName=ENA Pin=j4-3
Added Pin To Net: NetName=ENA Pin=L298-6
Added Net: Name=ENA
Added Pin To Net: NetName=ENB Pin=j4-4
Added Pin To Net: NetName=ENB Pin=L298-11
Added Net: Name=ENB
Added Pin To Net: NetName=GND Pin=C1-2
Added Pin To Net: NetName=GND Pin=Con-Vout-
Added Pin To Net: NetName=GND Pin=D5-A
Added Pin To Net: NetName=GND Pin=D6-A
Added Pin To Net: NetName=GND Pin=D7-A
Added Pin To Net: NetName=GND Pin=D8-A
Added Pin To Net: NetName=GND Pin=j1-4
Added Pin To Net: NetName=GND Pin=j1-5
Added Pin To Net: NetName=GND Pin=j1-6
Added Pin To Net: NetName=GND Pin=j2-1
Added Pin To Net: NetName=GND Pin=j2-2
Added Pin To Net: NetName=GND Pin=j3-6
Added Pin To Net: NetName=GND Pin=j4-5
Added Pin To Net: NetName=GND Pin=j4-6
Added Pin To Net: NetName=GND Pin=L298-8
Added Pin To Net: NetName=GND Pin=M1-4
Added Pin To Net: NetName=GND Pin=M2-4
Added Net: Name=GND
Added Pin To Net: NetName=NetBattery_1 Pin=Battery-1
Added Pin To Net: NetName=NetBattery_1 Pin=Con-B-
Added Net: Name=NetBattery_1
Added Pin To Net: NetName=NetD1_A Pin=D1-A
Added Pin To Net: NetName=NetD1_A Pin=D5-C
Added Pin To Net: NetName=NetD1_A Pin=L298-2
Added Pin To Net: NetName=NetD1_A Pin=M1-1
Added Net: Name=NetD1_A
Added Pin To Net: NetName=NetD2_A Pin=D2-A
Added Pin To Net: NetName=NetD2_A Pin=D6-C
Added Pin To Net: NetName=NetD2_A Pin=L298-3
Added Pin To Net: NetName=NetD2_A Pin=M1-2
Added Net: Name=NetD2_A
Added Pin To Net: NetName=NetD3_A Pin=D3-A
Added Pin To Net: NetName=NetD3_A Pin=D7-C
Added Pin To Net: NetName=NetD3_A Pin=L298-13
Added Pin To Net: NetName=NetD3_A Pin=M2-1
Added Net: Name=NetD3_A
Added Pin To Net: NetName=NetD4_A Pin=D4-A
Added Pin To Net: NetName=NetD4_A Pin=D8-C
Added Pin To Net: NetName=NetD4_A Pin=L298-14
Added Pin To Net: NetName=NetD4_A Pin=M2-2
Added Net: Name=NetD4_A
Added Pin To Net: NetName=Netj4_1 Pin=j4-1
Added Pin To Net: NetName=Netj4_1 Pin=j5-4
Added Net: Name=Netj4_1
Added Pin To Net: NetName=Netj5_3 Pin=j5-3
Added Pin To Net: NetName=Netj5_3 Pin=j8-1
Added Net: Name=Netj5_3
Added Pin To Net: NetName=Netj5_5 Pin=j5-5
Added Pin To Net: NetName=Netj5_5 Pin=j8-2
Added Net: Name=Netj5_5
Added Pin To Net: NetName=Netj6_2 Pin=j6-2
Added Net: Name=Netj6_2
Added Pin To Net: NetName=OC0A Pin=j4-2
Added Pin To Net: NetName=OC0A Pin=j5-6
Added Pin To Net: NetName=OC0A Pin=L298-7
Added Net: Name=OC0A
Added Pin To Net: NetName=OC0B Pin=j6-1
Added Pin To Net: NetName=OC0B Pin=L298-12
Added Net: Name=OC0B
Added Pin To Net: NetName=OC1A Pin=j6-3
Added Pin To Net: NetName=OC1A Pin=L298-5
Added Net: Name=OC1A
Added Pin To Net: NetName=OC1B Pin=j6-4
Added Pin To Net: NetName=OC1B Pin=L298-10
Added Net: Name=OC1B
Added Pin To Net: NetName=PM1 Pin=j2-3
Added Pin To Net: NetName=PM1 Pin=M1-5
Added Pin To Net: NetName=PM1 Pin=M1-6
Added Net: Name=PM1
Added Pin To Net: NetName=PM2 Pin=j2-4
Added Pin To Net: NetName=PM2 Pin=M2-5
Added Pin To Net: NetName=PM2 Pin=M2-6
Added Net: Name=PM2
Added Pin To Net: NetName=SENSA Pin=j7-1
Added Pin To Net: NetName=SENSA Pin=L298-1
Added Net: Name=SENSA
Added Pin To Net: NetName=SENSB Pin=j7-2
Added Pin To Net: NetName=SENSB Pin=L298-15
Added Net: Name=SENSB
Added Pin To Net: NetName=Vss Pin=C1-1
Added Pin To Net: NetName=Vss Pin=Con-Vout+
Added Pin To Net: NetName=Vss Pin=D1-C
Added Pin To Net: NetName=Vss Pin=D2-C
Added Pin To Net: NetName=Vss Pin=D3-C
Added Pin To Net: NetName=Vss Pin=D4-C
Added Pin To Net: NetName=Vss Pin=L298-9
Added Net: Name=Vss
Added Class: Name=connection_Sheet
Added Class: Name=Motors_Sheet
Added Class: Name=Power_Sheet
