Added Component: Designator=E1(PCBComponent_1)
Added Component: Designator=E2(PCBComponent_1)
Added Component: Designator=E3(PCBComponent_1)
Added Component: Designator=E4(PCBComponent_1)
Added Component: Designator=Re1(1206)
Add component (AddParameter): Name = "Value"; Value = "220"; VariantName = "[No Variations]"
Added Component: Designator=Re2(1206)
Add component (AddParameter): Name = "Value"; Value = ""; VariantName = "[No Variations]"
Added Component: Designator=Re3(1206)
Add component (AddParameter): Name = "Value"; Value = "220"; VariantName = "[No Variations]"
Added Component: Designator=Re4(1206)
Add component (AddParameter): Name = "Value"; Value = ""; VariantName = "[No Variations]"
Added Component: Designator=Re5(1206)
Add component (AddParameter): Name = "Value"; Value = "220"; VariantName = "[No Variations]"
Added Component: Designator=Re6(1206)
Add component (AddParameter): Name = "Value"; Value = ""; VariantName = "[No Variations]"
Added Component: Designator=Re7(1206)
Add component (AddParameter): Name = "Value"; Value = "220"; VariantName = "[No Variations]"
Added Component: Designator=Re8(1206)
Add component (AddParameter): Name = "Value"; Value = ""; VariantName = "[No Variations]"
Added Pin To Net: NetName=GND Pin=E1-1
Added Pin To Net: NetName=NetE1_2 Pin=E1-2
Added Pin To Net: NetName=GND Pin=E1-3
Added Pin To Net: NetName=NetE1_4 Pin=E1-4
Added Pin To Net: NetName=GND Pin=E2-1
Added Pin To Net: NetName=NetE2_2 Pin=E2-2
Added Pin To Net: NetName=GND Pin=E2-3
Added Pin To Net: NetName=NetE2_4 Pin=E2-4
Added Pin To Net: NetName=GND Pin=E3-1
Added Pin To Net: NetName=NetE3_2 Pin=E3-2
Added Pin To Net: NetName=GND Pin=E3-3
Added Pin To Net: NetName=NetE3_4 Pin=E3-4
Added Pin To Net: NetName=GND Pin=E4-1
Added Pin To Net: NetName=NetE4_2 Pin=E4-2
Added Pin To Net: NetName=GND Pin=E4-3
Added Pin To Net: NetName=NetE4_4 Pin=E4-4
Added Pin To Net: NetName=NetE1_2 Pin=Re1-1
Added Pin To Net: NetName=+5 Pin=Re1-2
Added Pin To Net: NetName=NetE1_4 Pin=Re2-1
Added Pin To Net: NetName=+5 Pin=Re2-2
Added Pin To Net: NetName=NetE2_2 Pin=Re3-1
Added Pin To Net: NetName=+5 Pin=Re3-2
Added Pin To Net: NetName=NetE2_4 Pin=Re4-1
Added Pin To Net: NetName=+5 Pin=Re4-2
Added Pin To Net: NetName=NetE3_2 Pin=Re5-1
Added Pin To Net: NetName=+5 Pin=Re5-2
Added Pin To Net: NetName=NetE3_4 Pin=Re6-1
Added Pin To Net: NetName=+5 Pin=Re6-2
Added Pin To Net: NetName=NetE4_2 Pin=Re7-1
Added Pin To Net: NetName=+5 Pin=Re7-2
Added Pin To Net: NetName=NetE4_4 Pin=Re8-1
Added Pin To Net: NetName=+5 Pin=Re8-2
Added Member To Class: ClassName=Encoder_Sheet Member=Component E1 100th
Added Member To Class: ClassName=Encoder_Sheet Member=Component E2 100th
Added Member To Class: ClassName=Encoder_Sheet Member=Component E3 100th
Added Member To Class: ClassName=Encoder_Sheet Member=Component E4 100th
Added Member To Class: ClassName=Encoder_Sheet Member=Component Re1 1206
Added Member To Class: ClassName=Encoder_Sheet Member=Component Re2 1206
Added Member To Class: ClassName=Encoder_Sheet Member=Component Re3 1206
Added Member To Class: ClassName=Encoder_Sheet Member=Component Re4 1206
Added Member To Class: ClassName=Encoder_Sheet Member=Component Re5 1206
Added Member To Class: ClassName=Encoder_Sheet Member=Component Re6 1206
Added Member To Class: ClassName=Encoder_Sheet Member=Component Re7 1206
Added Member To Class: ClassName=Encoder_Sheet Member=Component Re8 1206
