Added Component: Designator=E1(PCBComponent_1)
Added Component: Designator=E2(PCBComponent_1)
Added Component: Designator=E3(PCBComponent_1)
Added Component: Designator=E4(PCBComponent_1)
Added Component: Designator=Re1(1206)
Add component (AddParameter): Name = "Value"; Value = "220"; VariantName = "[No Variations]"
Added Component: Designator=Re2(1206)
Add component (AddParameter): Name = "Value"; Value = "5k"; VariantName = "[No Variations]"
Added Component: Designator=Re3(1206)
Add component (AddParameter): Name = "Value"; Value = "220"; VariantName = "[No Variations]"
Added Component: Designator=Re4(1206)
Add component (AddParameter): Name = "Value"; Value = "5k"; VariantName = "[No Variations]"
Added Component: Designator=Re5(1206)
Add component (AddParameter): Name = "Value"; Value = "220"; VariantName = "[No Variations]"
Added Component: Designator=Re6(1206)
Add component (AddParameter): Name = "Value"; Value = "5k"; VariantName = "[No Variations]"
Added Component: Designator=Re7(1206)
Add component (AddParameter): Name = "Value"; Value = "220"; VariantName = "[No Variations]"
Added Component: Designator=Re8(1206)
Add component (AddParameter): Name = "Value"; Value = "5k"; VariantName = "[No Variations]"
Added Pin To Net: NetName=GND Pin=E1-1
Added Pin To Net: NetName=GND Pin=E1-3
Added Pin To Net: NetName=GND Pin=E2-1
Added Pin To Net: NetName=GND Pin=E2-3
Added Pin To Net: NetName=GND Pin=E3-1
Added Pin To Net: NetName=GND Pin=E3-3
Added Pin To Net: NetName=GND Pin=E4-1
Added Pin To Net: NetName=GND Pin=E4-3
Added Pin To Net: NetName=+5 Pin=Re1-2
Added Pin To Net: NetName=+5 Pin=Re2-2
Added Pin To Net: NetName=+5 Pin=Re3-2
Added Pin To Net: NetName=+5 Pin=Re4-2
Added Pin To Net: NetName=+5 Pin=Re5-2
Added Pin To Net: NetName=+5 Pin=Re6-2
Added Pin To Net: NetName=+5 Pin=Re7-2
Added Pin To Net: NetName=+5 Pin=Re8-2
Added Pin To Net: NetName=NetE1_2 Pin=E1-2
Added Pin To Net: NetName=NetE1_2 Pin=Re1-1
Added Net: Name=NetE1_2
Added Pin To Net: NetName=NetE1_4 Pin=E1-4
Added Pin To Net: NetName=NetE1_4 Pin=j5-3
Added Pin To Net: NetName=NetE1_4 Pin=Re2-1
Added Net: Name=NetE1_4
Added Pin To Net: NetName=NetE2_2 Pin=E2-2
Added Pin To Net: NetName=NetE2_2 Pin=Re3-1
Added Net: Name=NetE2_2
Added Pin To Net: NetName=NetE2_4 Pin=E2-4
Added Pin To Net: NetName=NetE2_4 Pin=j5-5
Added Pin To Net: NetName=NetE2_4 Pin=Re4-1
Added Net: Name=NetE2_4
Added Pin To Net: NetName=NetE3_2 Pin=E3-2
Added Pin To Net: NetName=NetE3_2 Pin=Re5-1
Added Net: Name=NetE3_2
Added Pin To Net: NetName=NetE3_4 Pin=E3-4
Added Pin To Net: NetName=NetE3_4 Pin=j5-4
Added Pin To Net: NetName=NetE3_4 Pin=Re6-1
Added Net: Name=NetE3_4
Added Pin To Net: NetName=NetE4_2 Pin=E4-2
Added Pin To Net: NetName=NetE4_2 Pin=Re7-1
Added Net: Name=NetE4_2
Added Pin To Net: NetName=NetE4_4 Pin=E4-4
Added Pin To Net: NetName=NetE4_4 Pin=j6-2
Added Pin To Net: NetName=NetE4_4 Pin=Re8-1
Added Net: Name=NetE4_4
Added Class: Name=Encoder_Sheet
