Removed Pin From Net: NetName=B+ Pin=Con-B+
Removed Pin From Net: NetName=NetBTR_2 Pin=Con-B-
Removed Pin From Net: NetName=Vss Pin=Con-Vout+
Removed Pin From Net: NetName=GND Pin=Con-Vout-
Removed Member From Class: ClassName=Power_Sheet Member=Con
Added Component: Designator=CN(DC-DC Conv)
Added Component: Designator=j1(pin6headerF)
Added Component: Designator=j3(pin6headerF)
Added Pin To Net: NetName=B+ Pin=CN-B+
Added Pin To Net: NetName=NetBTR_2 Pin=CN-B-
Added Pin To Net: NetName=Vss Pin=CN-Vout+
Added Pin To Net: NetName=GND Pin=CN-Vout-
Added Pin To Net: NetName=+5 Pin=j1-1
Added Pin To Net: NetName=GND Pin=j1-4
Added Pin To Net: NetName=GND Pin=j1-5
Added Pin To Net: NetName=GND Pin=j1-6
Added Pin To Net: NetName=+5 Pin=j3-1
Added Pin To Net: NetName=+5 Pin=j3-2
Added Pin To Net: NetName=+5 Pin=j3-3
Added Pin To Net: NetName=GND Pin=j3-6
Added Member To Class: ClassName=Power_Sheet Member=Component CN DC-DC Converter
Added Member To Class: ClassName=connection_Sheet Member=Component j1 100th
Added Member To Class: ClassName=connection_Sheet Member=Component j3 100th
