Added Component: Designator=E3(pin4header)
Added Component: Designator=E3(pin4header)
Added Component: Designator=E4(pin4header)
Added Pin To Net: NetName=GND Pin=E1-1
Added Pin To Net: NetName=GND Pin=E1-3
Added Pin To Net: NetName=GND Pin=E3-1
Added Pin To Net: NetName=GND Pin=E3-1
Added Pin To Net: NetName=GND Pin=E3-3
Added Pin To Net: NetName=GND Pin=E3-3
Added Pin To Net: NetName=GND Pin=E4-1
Added Pin To Net: NetName=GND Pin=E4-3
Added Pin To Net: NetName=NetE1_2 Pin=E1-2
Added Pin To Net: NetName=NetE1_2 Pin=Re1-1
Added Net: Name=NetE1_2
Added Pin To Net: NetName=NetE1_4 Pin=E1-4
Added Pin To Net: NetName=NetE1_4 Pin=j5-3
Added Pin To Net: NetName=NetE1_4 Pin=Re2-1
Added Net: Name=NetE1_4
Added Pin To Net: NetName=NetE3_2 Pin=E3-2
Added Pin To Net: NetName=NetE3_2 Pin=Re3-1
Added Net: Name=NetE3_2
Added Pin To Net: NetName=NetE3_4 Pin=E3-4
Added Pin To Net: NetName=NetE3_4 Pin=j5-4
Added Pin To Net: NetName=NetE3_4 Pin=Re6-1
Added Net: Name=NetE3_4
Added Pin To Net: NetName=NetE4_2 Pin=E4-2
Added Pin To Net: NetName=NetE4_2 Pin=Re7-1
Added Net: Name=NetE4_2
Added Pin To Net: NetName=NetE4_4 Pin=E4-4
Added Pin To Net: NetName=NetE4_4 Pin=j6-2
Added Pin To Net: NetName=NetE4_4 Pin=Re8-1
Added Net: Name=NetE4_4
Added Member To Class: ClassName=Encoder_Sheet Member=Component E3 100th
Added Member To Class: ClassName=Encoder_Sheet Member=Component E3 100th
Added Member To Class: ClassName=Encoder_Sheet Member=Component E4 100th
