Added Component: Designator=j1(pin6headerF)
Added Component: Designator=j3(pin6headerF)
Added Component: Designator=PWR(LED3_2X1_6)
Added Component: Designator=RPWR(J1-0603)
Add component (AddParameter): Name = "LatestRevisionDate"; Value = "29-May-2009"; VariantName = "[No Variations]"
Add component (AddParameter): Name = "LatestRevisionNote"; Value = "IPC-7351 Footprint Added."; VariantName = "[No Variations]"
Add component (AddParameter): Name = "PackageDescription"; Value = "Chip Resistor"; VariantName = "[No Variations]"
Add component (AddParameter): Name = "PackageReference"; Value = "J1-0603"; VariantName = "[No Variations]"
Add component (AddParameter): Name = "Published"; Value = "8-Jun-2000"; VariantName = "[No Variations]"
Add component (AddParameter): Name = "Publisher"; Value = "Altium Limited"; VariantName = "[No Variations]"
Add component (AddParameter): Name = "Value"; Value = "220"; VariantName = "[No Variations]"
Added Pin To Net: NetName=+5 Pin=j1-1
Added Pin To Net: NetName=GND Pin=j1-4
Added Pin To Net: NetName=GND Pin=j1-5
Added Pin To Net: NetName=GND Pin=j1-6
Added Pin To Net: NetName=+5 Pin=j3-1
Added Pin To Net: NetName=+5 Pin=j3-2
Added Pin To Net: NetName=+5 Pin=j3-3
Added Pin To Net: NetName=GND Pin=j3-6
Added Pin To Net: NetName=GND Pin=PWR-c
Added Pin To Net: NetName=+5 Pin=RPWR-2
Added Pin To Net: NetName=NetPWR_A Pin=PWR-a
Added Pin To Net: NetName=NetPWR_A Pin=RPWR-1
Added Net: Name=NetPWR_A
Added Member To Class: ClassName=connection_Sheet Member=Component j1 100th
Added Member To Class: ClassName=connection_Sheet Member=Component j3 100th
Added Member To Class: ClassName=Power_Sheet Member=Component PWR 3.2x1.6
Added Member To Class: ClassName=Power_Sheet Member=Component RPWR Res3
